#
# There is insufficient memory for the Java Runtime Environment to continue.
# Native memory allocation (mmap) failed to map 368050176 bytes for G1 virtual space
# Possible reasons:
#   The system is out of physical RAM or swap space
#   The process is running with CompressedOops enabled, and the Java Heap may be blocking the growth of the native heap
# Possible solutions:
#   Reduce memory load on the system
#   Increase physical memory or swap space
#   Check if swap backing store is full
#   Decrease Java heap size (-Xmx/-Xms)
#   Decrease number of Java threads
#   Decrease Java thread stack sizes (-Xss)
#   Set larger code cache with -XX:ReservedCodeCacheSize=
#   JVM is running with Unscaled Compressed Oops mode in which the Java heap is
#     placed in the first 4GB address space. The Java Heap base address is the
#     maximum limit for the native heap growth. Please use -XX:HeapBaseMinAddress
#     to set the Java Heap base and to place the Java Heap above 4GB virtual address.
# This output file may be truncated or incomplete.
#
#  Out of Memory Error (os_windows.cpp:3825), pid=9532, tid=8936
#
# JRE version: OpenJDK Runtime Environment (17.0.9) (build 17.0.9+0--11185874)
# Java VM: OpenJDK 64-Bit Server VM (17.0.9+0--11185874, mixed mode, tiered, compressed oops, compressed class ptrs, g1 gc, windows-amd64)
# No core dump will be written. Minidumps are not enabled by default on client versions of Windows
#

---------------  S U M M A R Y ------------

Command Line: -XX:MaxMetaspaceSize=512m --add-opens=java.base/java.util=ALL-UNNAMED --add-opens=java.base/java.lang=ALL-UNNAMED --add-opens=java.base/java.lang.invoke=ALL-UNNAMED --add-opens=java.prefs/java.util.prefs=ALL-UNNAMED --add-opens=java.base/java.nio.charset=ALL-UNNAMED --add-opens=java.base/java.net=ALL-UNNAMED --add-opens=java.base/java.util.concurrent.atomic=ALL-UNNAMED -Xmx2048m -Dfile.encoding=windows-1252 -Duser.country=IN -Duser.language=en -Duser.variant -javaagent:C:\Users\likih\.gradle\wrapper\dists\gradle-8.4-bin\1w5dpkrfk8irigvoxmyhowfim\gradle-8.4\lib\agents\gradle-instrumentation-agent-8.4.jar org.gradle.launcher.daemon.bootstrap.GradleDaemon 8.4

Host: Intel(R) Core(TM) i3-8145U CPU @ 2.10GHz, 4 cores, 3G,  Windows 11 , 64 bit Build 22621 (10.0.22621.3374)
Time: Wed Apr 17 13:21:14 2024 India Standard Time elapsed time: 52.977524 seconds (0d 0h 0m 52s)

---------------  T H R E A D  ---------------

Current thread (0x000002354cc75a20):  VMThread "VM Thread" [stack: 0x000000975b100000,0x000000975b200000] [id=8936]

Stack: [0x000000975b100000,0x000000975b200000]
Native frames: (J=compiled Java code, j=interpreted, Vv=VM code, C=native code)
V  [jvm.dll+0x6886e9]
V  [jvm.dll+0x841e4a]
V  [jvm.dll+0x843a8e]
V  [jvm.dll+0x8440f3]
V  [jvm.dll+0x24c14f]
V  [jvm.dll+0x685499]
V  [jvm.dll+0x679c2a]
V  [jvm.dll+0x30cf9b]
V  [jvm.dll+0x314446]
V  [jvm.dll+0x36425e]
V  [jvm.dll+0x36448f]
V  [jvm.dll+0x2e2d68]
V  [jvm.dll+0x2e0f44]
V  [jvm.dll+0x2e054c]
V  [jvm.dll+0x3253fb]
V  [jvm.dll+0x8487eb]
V  [jvm.dll+0x849531]
V  [jvm.dll+0x849a4d]
V  [jvm.dll+0x849e24]
V  [jvm.dll+0x849ef0]
V  [jvm.dll+0x7f06aa]
V  [jvm.dll+0x687565]
C  [ucrtbase.dll+0x29333]
C  [KERNEL32.DLL+0x1257d]
C  [ntdll.dll+0x5aa48]

VM_Operation (0x000000975d0fdc90): G1CollectForAllocation, mode: safepoint, requested by thread 0x0000023552913f20


---------------  P R O C E S S  ---------------

Threads class SMR info:
_java_thread_list=0x0000023551f45520, length=79, elements={
0x000002353175ae10, 0x000002354cc9b020, 0x000002354cc9dac0, 0x000002355101c9b0,
0x000002355101d090, 0x000002355101fd80, 0x0000023551020350, 0x0000023551022070,
0x00000235510241b0, 0x00000235510247c0, 0x000002354cc03fc0, 0x00000235512b4840,
0x0000023552c39af0, 0x0000023551d425e0, 0x0000023551e4e4a0, 0x0000023552e80060,
0x0000023552a14580, 0x0000023552912ae0, 0x0000023552913a10, 0x0000023552914430,
0x0000023552914940, 0x0000023552914e50, 0x00000235529125d0, 0x0000023552911bb0,
0x0000023552913500, 0x0000023552912ff0, 0x00000235529120c0, 0x0000023552913f20,
0x0000023553344d60, 0x0000023553346bc0, 0x0000023553345270, 0x0000023553347af0,
0x0000023553345780, 0x0000023553343e30, 0x00000235533429f0, 0x0000023553348000,
0x0000023553348510, 0x0000023553345c90, 0x00000235533470d0, 0x0000023553344850,
0x00000235533424e0, 0x0000023553343920, 0x00000235533415b0, 0x00000235533466b0,
0x0000023553341ac0, 0x00000235533475e0, 0x0000023553341fd0, 0x0000023553342f00,
0x0000023553343410, 0x0000023551cefbf0, 0x0000023551cf1a50, 0x0000023551cf5710,
0x0000023551cf2980, 0x0000023551cf1f60, 0x0000023551cf0100, 0x0000023551cf5200,
0x0000023551cf2470, 0x0000023551cf2e90, 0x0000023551cf47e0, 0x0000023551cef1d0,
0x0000023551cf33a0, 0x0000023551cf3dc0, 0x0000023551cf42d0, 0x0000023551cf1540,
0x0000023551cee7b0, 0x0000023551cf38b0, 0x0000023551cf4cf0, 0x0000023551ceecc0,
0x0000023551cef6e0, 0x0000023551cee2a0, 0x0000023551cf5c20, 0x0000023551cf1030,
0x0000023551cf0610, 0x0000023551cf0b20, 0x0000023554990c80, 0x0000023554991bb0,
0x00000235549916a0, 0x000002355498fd50, 0x000002355498f840
}

Java Threads: ( => current thread )
  0x000002353175ae10 JavaThread "main" [_thread_blocked, id=8456, stack(0x000000975ab00000,0x000000975ac00000)]
  0x000002354cc9b020 JavaThread "Reference Handler" daemon [_thread_blocked, id=13580, stack(0x000000975b200000,0x000000975b300000)]
  0x000002354cc9dac0 JavaThread "Finalizer" daemon [_thread_blocked, id=14300, stack(0x000000975b300000,0x000000975b400000)]
  0x000002355101c9b0 JavaThread "Signal Dispatcher" daemon [_thread_blocked, id=4336, stack(0x000000975b400000,0x000000975b500000)]
  0x000002355101d090 JavaThread "Attach Listener" daemon [_thread_blocked, id=5536, stack(0x000000975b500000,0x000000975b600000)]
  0x000002355101fd80 JavaThread "Service Thread" daemon [_thread_blocked, id=8236, stack(0x000000975b600000,0x000000975b700000)]
  0x0000023551020350 JavaThread "Monitor Deflation Thread" daemon [_thread_blocked, id=8108, stack(0x000000975b700000,0x000000975b800000)]
  0x0000023551022070 JavaThread "C2 CompilerThread0" daemon [_thread_blocked, id=15064, stack(0x000000975b800000,0x000000975b900000)]
  0x00000235510241b0 JavaThread "C1 CompilerThread0" daemon [_thread_blocked, id=9048, stack(0x000000975b900000,0x000000975ba00000)]
  0x00000235510247c0 JavaThread "Sweeper thread" daemon [_thread_blocked, id=5868, stack(0x000000975ba00000,0x000000975bb00000)]
  0x000002354cc03fc0 JavaThread "Common-Cleaner" daemon [_thread_blocked, id=1252, stack(0x000000975bb00000,0x000000975bc00000)]
  0x00000235512b4840 JavaThread "Notification Thread" daemon [_thread_blocked, id=7120, stack(0x000000975bc00000,0x000000975bd00000)]
  0x0000023552c39af0 JavaThread "Daemon health stats" [_thread_blocked, id=12592, stack(0x000000975c100000,0x000000975c200000)]
  0x0000023551d425e0 JavaThread "Incoming local TCP Connector on port 62114" [_thread_in_native, id=4316, stack(0x000000975c200000,0x000000975c300000)]
  0x0000023551e4e4a0 JavaThread "Daemon periodic checks" [_thread_blocked, id=11768, stack(0x000000975c300000,0x000000975c400000)]
  0x0000023552e80060 JavaThread "Daemon" [_thread_blocked, id=2076, stack(0x000000975c400000,0x000000975c500000)]
  0x0000023552a14580 JavaThread "Handler for socket connection from /127.0.0.1:62114 to /127.0.0.1:62115" [_thread_in_native, id=11128, stack(0x000000975c500000,0x000000975c600000)]
  0x0000023552912ae0 JavaThread "Cancel handler" [_thread_blocked, id=10584, stack(0x000000975c600000,0x000000975c700000)]
  0x0000023552913a10 JavaThread "Daemon worker" [_thread_blocked, id=10960, stack(0x000000975c700000,0x000000975c800000)]
  0x0000023552914430 JavaThread "Asynchronous log dispatcher for DefaultDaemonConnection: socket connection from /127.0.0.1:62114 to /127.0.0.1:62115" [_thread_blocked, id=5608, stack(0x000000975c800000,0x000000975c900000)]
  0x0000023552914940 JavaThread "Stdin handler" [_thread_blocked, id=11840, stack(0x000000975c900000,0x000000975ca00000)]
  0x0000023552914e50 JavaThread "Daemon client event forwarder" [_thread_in_native, id=2692, stack(0x000000975ca00000,0x000000975cb00000)]
  0x00000235529125d0 JavaThread "Cache worker for journal cache (C:\Users\likih\.gradle\caches\journal-1)" [_thread_blocked, id=7852, stack(0x000000975cb00000,0x000000975cc00000)]
  0x0000023552911bb0 JavaThread "File lock request listener" [_thread_in_native, id=11212, stack(0x000000975cc00000,0x000000975cd00000)]
  0x0000023552913500 JavaThread "Cache worker for file hash cache (C:\Users\likih\.gradle\caches\8.4\fileHashes)" [_thread_blocked, id=3924, stack(0x000000975cd00000,0x000000975ce00000)]
  0x0000023552912ff0 JavaThread "File watcher server" daemon [_thread_in_native, id=7056, stack(0x000000975ce00000,0x000000975cf00000)]
  0x00000235529120c0 JavaThread "File watcher consumer" daemon [_thread_blocked, id=5860, stack(0x000000975cf00000,0x000000975d000000)]
  0x0000023552913f20 JavaThread "jar transforms" [_thread_blocked, id=7316, stack(0x000000975d000000,0x000000975d100000)]
  0x0000023553344d60 JavaThread "jar transforms Thread 2" [_thread_blocked, id=8412, stack(0x000000975d100000,0x000000975d200000)]
  0x0000023553346bc0 JavaThread "jar transforms Thread 3" [_thread_blocked, id=12068, stack(0x000000975d200000,0x000000975d300000)]
  0x0000023553345270 JavaThread "jar transforms Thread 4" [_thread_blocked, id=3888, stack(0x000000975d300000,0x000000975d400000)]
  0x0000023553347af0 JavaThread "Cache worker for checksums cache (C:\Users\likih\Downloads\android_source.tar\android_source\android\.gradle\8.4\checksums)" [_thread_blocked, id=688, stack(0x000000975d400000,0x000000975d500000)]
  0x0000023553345780 JavaThread "Cache worker for file hash cache (C:\Users\likih\Downloads\android_source.tar\android_source\android\.gradle\8.4\fileHashes)" [_thread_blocked, id=14192, stack(0x000000975d500000,0x000000975d600000)]
  0x0000023553343e30 JavaThread "Cache worker for cache directory md-supplier (C:\Users\likih\.gradle\caches\8.4\md-supplier)" [_thread_blocked, id=12584, stack(0x000000975d600000,0x000000975d700000)]
  0x00000235533429f0 JavaThread "Cache worker for file content cache (C:\Users\likih\.gradle\caches\8.4\fileContent)" [_thread_blocked, id=4744, stack(0x000000975d700000,0x000000975d800000)]
  0x0000023553348000 JavaThread "Cache worker for cache directory md-rule (C:\Users\likih\.gradle\caches\8.4\md-rule)" [_thread_blocked, id=15516, stack(0x000000975d800000,0x000000975d900000)]
  0x0000023553348510 JavaThread "Cache worker for execution history cache (C:\Users\likih\.gradle\caches\8.4\executionHistory)" [_thread_blocked, id=4556, stack(0x000000975d900000,0x000000975da00000)]
  0x0000023553345c90 JavaThread "Cache worker for dependencies-accessors (C:\Users\likih\Downloads\android_source.tar\android_source\android\.gradle\8.4\dependencies-accessors)" [_thread_blocked, id=10248, stack(0x000000975da00000,0x000000975db00000)]
  0x00000235533470d0 JavaThread "Cache worker for Build Output Cleanup Cache (C:\Users\likih\Downloads\android_source.tar\android_source\android\.gradle\buildOutputCleanup)" [_thread_blocked, id=15852, stack(0x000000975db00000,0x000000975dc00000)]
  0x0000023553344850 JavaThread "Unconstrained build operations" [_thread_blocked, id=2060, stack(0x000000975dc00000,0x000000975dd00000)]
  0x00000235533424e0 JavaThread "Unconstrained build operations Thread 2" [_thread_blocked, id=4396, stack(0x000000975dd00000,0x000000975de00000)]
  0x0000023553343920 JavaThread "Unconstrained build operations Thread 3" [_thread_blocked, id=4268, stack(0x000000975de00000,0x000000975df00000)]
  0x00000235533415b0 JavaThread "Unconstrained build operations Thread 4" [_thread_blocked, id=9904, stack(0x000000975e000000,0x000000975e100000)]
  0x00000235533466b0 JavaThread "Unconstrained build operations Thread 5" [_thread_blocked, id=12728, stack(0x000000975e100000,0x000000975e200000)]
  0x0000023553341ac0 JavaThread "Unconstrained build operations Thread 6" [_thread_blocked, id=8776, stack(0x000000975e200000,0x000000975e300000)]
  0x00000235533475e0 JavaThread "Unconstrained build operations Thread 7" [_thread_blocked, id=14180, stack(0x000000975e400000,0x000000975e500000)]
  0x0000023553341fd0 JavaThread "Unconstrained build operations Thread 8" [_thread_blocked, id=14204, stack(0x000000975e500000,0x000000975e600000)]
  0x0000023553342f00 JavaThread "Unconstrained build operations Thread 9" [_thread_blocked, id=10952, stack(0x000000975e600000,0x000000975e700000)]
  0x0000023553343410 JavaThread "Unconstrained build operations Thread 10" [_thread_blocked, id=13276, stack(0x000000975e700000,0x000000975e800000)]
  0x0000023551cefbf0 JavaThread "Unconstrained build operations Thread 11" [_thread_blocked, id=1832, stack(0x000000975e800000,0x000000975e900000)]
  0x0000023551cf1a50 JavaThread "Unconstrained build operations Thread 12" [_thread_blocked, id=15660, stack(0x000000975e900000,0x000000975ea00000)]
  0x0000023551cf5710 JavaThread "Unconstrained build operations Thread 13" [_thread_blocked, id=9640, stack(0x000000975e300000,0x000000975e400000)]
  0x0000023551cf2980 JavaThread "Unconstrained build operations Thread 14" [_thread_blocked, id=15904, stack(0x000000975ea00000,0x000000975eb00000)]
  0x0000023551cf1f60 JavaThread "Unconstrained build operations Thread 15" [_thread_blocked, id=6772, stack(0x000000975eb00000,0x000000975ec00000)]
  0x0000023551cf0100 JavaThread "Unconstrained build operations Thread 16" [_thread_blocked, id=10232, stack(0x000000975ec00000,0x000000975ed00000)]
  0x0000023551cf5200 JavaThread "Unconstrained build operations Thread 17" [_thread_blocked, id=15388, stack(0x000000975ed00000,0x000000975ee00000)]
  0x0000023551cf2470 JavaThread "Unconstrained build operations Thread 18" [_thread_blocked, id=11856, stack(0x000000975ee00000,0x000000975ef00000)]
  0x0000023551cf2e90 JavaThread "Unconstrained build operations Thread 19" [_thread_blocked, id=10932, stack(0x000000975ef00000,0x000000975f000000)]
  0x0000023551cf47e0 JavaThread "Unconstrained build operations Thread 20" [_thread_blocked, id=10580, stack(0x000000975f000000,0x000000975f100000)]
  0x0000023551cef1d0 JavaThread "Unconstrained build operations Thread 21" [_thread_blocked, id=11176, stack(0x000000975f100000,0x000000975f200000)]
  0x0000023551cf33a0 JavaThread "Unconstrained build operations Thread 22" [_thread_blocked, id=16104, stack(0x000000975f200000,0x000000975f300000)]
  0x0000023551cf3dc0 JavaThread "Unconstrained build operations Thread 23" [_thread_blocked, id=1352, stack(0x000000975f300000,0x000000975f400000)]
  0x0000023551cf42d0 JavaThread "Unconstrained build operations Thread 24" [_thread_blocked, id=1424, stack(0x000000975f400000,0x000000975f500000)]
  0x0000023551cf1540 JavaThread "Unconstrained build operations Thread 25" [_thread_blocked, id=14520, stack(0x000000975f500000,0x000000975f600000)]
  0x0000023551cee7b0 JavaThread "Unconstrained build operations Thread 26" [_thread_blocked, id=4788, stack(0x000000975f600000,0x000000975f700000)]
  0x0000023551cf38b0 JavaThread "Unconstrained build operations Thread 27" [_thread_blocked, id=2340, stack(0x000000975f700000,0x000000975f800000)]
  0x0000023551cf4cf0 JavaThread "Unconstrained build operations Thread 28" [_thread_blocked, id=2192, stack(0x000000975f800000,0x000000975f900000)]
  0x0000023551ceecc0 JavaThread "Unconstrained build operations Thread 29" [_thread_blocked, id=7072, stack(0x000000975f900000,0x000000975fa00000)]
  0x0000023551cef6e0 JavaThread "Unconstrained build operations Thread 30" [_thread_blocked, id=9588, stack(0x000000975fa00000,0x000000975fb00000)]
  0x0000023551cee2a0 JavaThread "Unconstrained build operations Thread 31" [_thread_blocked, id=13820, stack(0x000000975fb00000,0x000000975fc00000)]
  0x0000023551cf5c20 JavaThread "Unconstrained build operations Thread 32" [_thread_blocked, id=8348, stack(0x000000975fc00000,0x000000975fd00000)]
  0x0000023551cf1030 JavaThread "Unconstrained build operations Thread 33" [_thread_blocked, id=8024, stack(0x000000975fd00000,0x000000975fe00000)]
  0x0000023551cf0610 JavaThread "Unconstrained build operations Thread 34" [_thread_blocked, id=15648, stack(0x000000975fe00000,0x000000975ff00000)]
  0x0000023551cf0b20 JavaThread "Unconstrained build operations Thread 35" [_thread_blocked, id=6344, stack(0x000000975ff00000,0x0000009760000000)]
  0x0000023554990c80 JavaThread "Unconstrained build operations Thread 36" [_thread_blocked, id=11852, stack(0x0000009760000000,0x0000009760100000)]
  0x0000023554991bb0 JavaThread "Unconstrained build operations Thread 37" [_thread_blocked, id=13164, stack(0x0000009760100000,0x0000009760200000)]
  0x00000235549916a0 JavaThread "Unconstrained build operations Thread 38" [_thread_blocked, id=13480, stack(0x0000009760200000,0x0000009760300000)]
  0x000002355498fd50 JavaThread "Unconstrained build operations Thread 39" [_thread_blocked, id=4304, stack(0x0000009760300000,0x0000009760400000)]
  0x000002355498f840 JavaThread "Unconstrained build operations Thread 40" [_thread_blocked, id=5964, stack(0x0000009760400000,0x0000009760500000)]

Other Threads:
=>0x000002354cc75a20 VMThread "VM Thread" [stack: 0x000000975b100000,0x000000975b200000] [id=8936]
  0x000002353175bc90 WatcherThread [stack: 0x000000975bd00000,0x000000975be00000] [id=8228]
  0x00000235317b52a0 GCTaskThread "GC Thread#0" [stack: 0x000000975ac00000,0x000000975ad00000] [id=992]
  0x00000235513847e0 GCTaskThread "GC Thread#1" [stack: 0x000000975be00000,0x000000975bf00000] [id=8572]
  0x00000235514a7880 GCTaskThread "GC Thread#2" [stack: 0x000000975bf00000,0x000000975c000000] [id=5048]
  0x0000023551fbd840 GCTaskThread "GC Thread#3" [stack: 0x000000975c000000,0x000000975c100000] [id=8496]
  0x00000235317c61f0 ConcurrentGCThread "G1 Main Marker" [stack: 0x000000975ad00000,0x000000975ae00000] [id=13116]
  0x00000235317c8c30 ConcurrentGCThread "G1 Conc#0" [stack: 0x000000975ae00000,0x000000975af00000] [id=6728]
  0x000002354cad00a0 ConcurrentGCThread "G1 Refine#0" [stack: 0x000000975af00000,0x000000975b000000] [id=10812]
  0x000002354cad06e0 ConcurrentGCThread "G1 Service" [stack: 0x000000975b000000,0x000000975b100000] [id=14980]

Threads with active compile tasks:
C2 CompilerThread0    53034 10346       4       org.gradle.api.internal.changedetection.state.FallbackHandlingResourceHasher$$Lambda$979/0x000000010090e4d8::test (12 bytes)

VM state: at safepoint (normal execution)

VM Mutex/Monitor currently owned by a thread:  ([mutex/lock_event])
[0x00000235317564f0] Threads_lock - owner thread: 0x000002354cc75a20
[0x00000235317574b0] Heap_lock - owner thread: 0x0000023552913f20

Heap address: 0x0000000080000000, size: 2048 MB, Compressed Oops mode: 32-bit

CDS archive(s) not mapped
Compressed class space mapped at: 0x0000000100000000-0x000000011a000000, reserved size: 436207616
Narrow klass base: 0x0000000000000000, Narrow klass shift: 3, Narrow klass range: 0x11a000000

GC Precious Log:
 CPUs: 4 total, 4 available
 Memory: 3983M
 Large Page Support: Disabled
 NUMA Support: Disabled
 Compressed Oops: Enabled (32-bit)
 Heap Region Size: 1M
 Heap Min Capacity: 8M
 Heap Initial Capacity: 64M
 Heap Max Capacity: 2G
 Pre-touch: Disabled
 Parallel Workers: 4
 Concurrent Workers: 1
 Concurrent Refinement Workers: 4
 Periodic GC: Disabled

Heap:
 garbage-first heap   total 196608K, used 77434K [0x0000000080000000, 0x0000000100000000)
  region size 1024K, 1 young (1024K), 1 survivors (1024K)
 Metaspace       used 70235K, committed 70848K, reserved 491520K
  class space    used 9045K, committed 9344K, reserved 425984K

Heap Regions: E=young(eden), S=young(survivor), O=old, HS=humongous(starts), HC=humongous(continues), CS=collection set, F=free, OA=open archive, CA=closed archive, TAMS=top-at-mark-start (previous, next)
|   0|0x0000000080000000, 0x0000000080100000, 0x0000000080100000|100%| O|  |TAMS 0x0000000080100000, 0x0000000080000000| Untracked 
|   1|0x0000000080100000, 0x0000000080200000, 0x0000000080200000|100%| O|  |TAMS 0x0000000080200000, 0x0000000080100000| Untracked 
|   2|0x0000000080200000, 0x0000000080300000, 0x0000000080300000|100%|HS|  |TAMS 0x0000000080300000, 0x0000000080200000| Complete 
|   3|0x0000000080300000, 0x0000000080400000, 0x0000000080400000|100%|HC|  |TAMS 0x0000000080400000, 0x0000000080300000| Complete 
|   4|0x0000000080400000, 0x0000000080500000, 0x0000000080500000|100%|HC|  |TAMS 0x0000000080500000, 0x0000000080400000| Complete 
|   5|0x0000000080500000, 0x0000000080600000, 0x0000000080600000|100%|HC|  |TAMS 0x0000000080600000, 0x0000000080500000| Complete 
|   6|0x0000000080600000, 0x0000000080700000, 0x0000000080700000|100%| O|  |TAMS 0x0000000080700000, 0x0000000080600000| Untracked 
|   7|0x0000000080700000, 0x0000000080800000, 0x0000000080800000|100%| O|  |TAMS 0x0000000080800000, 0x0000000080700000| Untracked 
|   8|0x0000000080800000, 0x0000000080800000, 0x0000000080900000|  0%| F|  |TAMS 0x0000000080800000, 0x0000000080800000| Untracked 
|   9|0x0000000080900000, 0x0000000080a00000, 0x0000000080a00000|100%| O|  |TAMS 0x0000000080a00000, 0x0000000080900000| Untracked 
|  10|0x0000000080a00000, 0x0000000080b00000, 0x0000000080b00000|100%| O|  |TAMS 0x0000000080b00000, 0x0000000080a00000| Untracked 
|  11|0x0000000080b00000, 0x0000000080c00000, 0x0000000080c00000|100%| O|  |TAMS 0x0000000080c00000, 0x0000000080b00000| Untracked 
|  12|0x0000000080c00000, 0x0000000080d00000, 0x0000000080d00000|100%| O|  |TAMS 0x0000000080d00000, 0x0000000080c00000| Untracked 
|  13|0x0000000080d00000, 0x0000000080e00000, 0x0000000080e00000|100%| O|  |TAMS 0x0000000080e00000, 0x0000000080d00000| Untracked 
|  14|0x0000000080e00000, 0x0000000080f00000, 0x0000000080f00000|100%| O|  |TAMS 0x0000000080f00000, 0x0000000080e00000| Untracked 
|  15|0x0000000080f00000, 0x0000000081000000, 0x0000000081000000|100%| O|  |TAMS 0x0000000081000000, 0x0000000080f00000| Untracked 
|  16|0x0000000081000000, 0x0000000081100000, 0x0000000081100000|100%| O|  |TAMS 0x0000000081100000, 0x0000000081000000| Untracked 
|  17|0x0000000081100000, 0x0000000081200000, 0x0000000081200000|100%| O|  |TAMS 0x0000000081200000, 0x0000000081100000| Untracked 
|  18|0x0000000081200000, 0x0000000081300000, 0x0000000081300000|100%| O|  |TAMS 0x0000000081300000, 0x0000000081200000| Untracked 
|  19|0x0000000081300000, 0x0000000081400000, 0x0000000081400000|100%| O|  |TAMS 0x0000000081400000, 0x0000000081300000| Untracked 
|  20|0x0000000081400000, 0x0000000081500000, 0x0000000081500000|100%|HS|  |TAMS 0x0000000081500000, 0x0000000081400000| Complete 
|  21|0x0000000081500000, 0x0000000081600000, 0x0000000081600000|100%|HC|  |TAMS 0x0000000081600000, 0x0000000081500000| Complete 
|  22|0x0000000081600000, 0x0000000081700000, 0x0000000081700000|100%|HS|  |TAMS 0x0000000081700000, 0x0000000081600000| Complete 
|  23|0x0000000081700000, 0x0000000081800000, 0x0000000081800000|100%|HC|  |TAMS 0x0000000081800000, 0x0000000081700000| Complete 
|  24|0x0000000081800000, 0x0000000081900000, 0x0000000081900000|100%|HC|  |TAMS 0x0000000081900000, 0x0000000081800000| Complete 
|  25|0x0000000081900000, 0x0000000081a00000, 0x0000000081a00000|100%|HS|  |TAMS 0x0000000081a00000, 0x0000000081900000| Complete 
|  26|0x0000000081a00000, 0x0000000081b00000, 0x0000000081b00000|100%|HC|  |TAMS 0x0000000081b00000, 0x0000000081a00000| Complete 
|  27|0x0000000081b00000, 0x0000000081c00000, 0x0000000081c00000|100%|HC|  |TAMS 0x0000000081c00000, 0x0000000081b00000| Complete 
|  28|0x0000000081c00000, 0x0000000081d00000, 0x0000000081d00000|100%| O|  |TAMS 0x0000000081d00000, 0x0000000081c00000| Untracked 
|  29|0x0000000081d00000, 0x0000000081e00000, 0x0000000081e00000|100%|HS|  |TAMS 0x0000000081e00000, 0x0000000081d00000| Complete 
|  30|0x0000000081e00000, 0x0000000081f00000, 0x0000000081f00000|100%|HC|  |TAMS 0x0000000081f00000, 0x0000000081e00000| Complete 
|  31|0x0000000081f00000, 0x0000000082000000, 0x0000000082000000|100%|HC|  |TAMS 0x0000000082000000, 0x0000000081f00000| Complete 
|  32|0x0000000082000000, 0x0000000082100000, 0x0000000082100000|100%| O|  |TAMS 0x0000000082100000, 0x0000000082000000| Untracked 
|  33|0x0000000082100000, 0x0000000082200000, 0x0000000082200000|100%| O|  |TAMS 0x0000000082200000, 0x0000000082100000| Untracked 
|  34|0x0000000082200000, 0x0000000082300000, 0x0000000082300000|100%| O|  |TAMS 0x0000000082300000, 0x0000000082200000| Untracked 
|  35|0x0000000082300000, 0x0000000082400000, 0x0000000082400000|100%| O|  |TAMS 0x0000000082400000, 0x0000000082300000| Untracked 
|  36|0x0000000082400000, 0x0000000082500000, 0x0000000082500000|100%| O|  |TAMS 0x0000000082500000, 0x0000000082400000| Untracked 
|  37|0x0000000082500000, 0x0000000082600000, 0x0000000082600000|100%| O|  |TAMS 0x0000000082600000, 0x0000000082500000| Untracked 
|  38|0x0000000082600000, 0x0000000082700000, 0x0000000082700000|100%|HS|  |TAMS 0x0000000082600000, 0x0000000082600000| Complete 
|  39|0x0000000082700000, 0x0000000082800000, 0x0000000082800000|100%|HS|  |TAMS 0x0000000082800000, 0x0000000082700000| Complete 
|  40|0x0000000082800000, 0x0000000082900000, 0x0000000082900000|100%| O|  |TAMS 0x0000000082900000, 0x0000000082800000| Untracked 
|  41|0x0000000082900000, 0x0000000082a00000, 0x0000000082a00000|100%| O|  |TAMS 0x0000000082a00000, 0x0000000082900000| Untracked 
|  42|0x0000000082a00000, 0x0000000082b00000, 0x0000000082b00000|100%| O|  |TAMS 0x0000000082b00000, 0x0000000082a00000| Untracked 
|  43|0x0000000082b00000, 0x0000000082c00000, 0x0000000082c00000|100%|HS|  |TAMS 0x0000000082c00000, 0x0000000082b00000| Complete 
|  44|0x0000000082c00000, 0x0000000082d00000, 0x0000000082d00000|100%|HC|  |TAMS 0x0000000082d00000, 0x0000000082c00000| Complete 
|  45|0x0000000082d00000, 0x0000000082e00000, 0x0000000082e00000|100%|HC|  |TAMS 0x0000000082e00000, 0x0000000082d00000| Complete 
|  46|0x0000000082e00000, 0x0000000082f00000, 0x0000000082f00000|100%| O|  |TAMS 0x0000000082f00000, 0x0000000082e00000| Untracked 
|  47|0x0000000082f00000, 0x0000000083000000, 0x0000000083000000|100%| O|  |TAMS 0x0000000083000000, 0x0000000082f00000| Untracked 
|  48|0x0000000083000000, 0x0000000083100000, 0x0000000083100000|100%| O|  |TAMS 0x0000000083100000, 0x0000000083000000| Untracked 
|  49|0x0000000083100000, 0x0000000083200000, 0x0000000083200000|100%| O|  |TAMS 0x0000000083200000, 0x0000000083100000| Untracked 
|  50|0x0000000083200000, 0x0000000083300000, 0x0000000083300000|100%| O|  |TAMS 0x0000000083300000, 0x0000000083200000| Untracked 
|  51|0x0000000083300000, 0x0000000083400000, 0x0000000083400000|100%| O|  |TAMS 0x0000000083400000, 0x0000000083300000| Untracked 
|  52|0x0000000083400000, 0x0000000083500000, 0x0000000083500000|100%| O|  |TAMS 0x0000000083500000, 0x0000000083400000| Untracked 
|  53|0x0000000083500000, 0x0000000083600000, 0x0000000083600000|100%| O|  |TAMS 0x0000000083600000, 0x0000000083500000| Untracked 
|  54|0x0000000083600000, 0x0000000083700000, 0x0000000083700000|100%| O|  |TAMS 0x0000000083700000, 0x0000000083600000| Untracked 
|  55|0x0000000083700000, 0x0000000083800000, 0x0000000083800000|100%| O|  |TAMS 0x0000000083800000, 0x0000000083700000| Untracked 
|  56|0x0000000083800000, 0x0000000083900000, 0x0000000083900000|100%| O|  |TAMS 0x0000000083900000, 0x0000000083800000| Untracked 
|  57|0x0000000083900000, 0x0000000083a00000, 0x0000000083a00000|100%| O|  |TAMS 0x0000000083a00000, 0x0000000083900000| Untracked 
|  58|0x0000000083a00000, 0x0000000083b00000, 0x0000000083b00000|100%| O|  |TAMS 0x0000000083b00000, 0x0000000083a00000| Untracked 
|  59|0x0000000083b00000, 0x0000000083c00000, 0x0000000083c00000|100%| O|  |TAMS 0x0000000083c00000, 0x0000000083b00000| Untracked 
|  60|0x0000000083c00000, 0x0000000083d00000, 0x0000000083d00000|100%| O|  |TAMS 0x0000000083d00000, 0x0000000083c00000| Untracked 
|  61|0x0000000083d00000, 0x0000000083e00000, 0x0000000083e00000|100%| O|  |TAMS 0x0000000083e00000, 0x0000000083d00000| Untracked 
|  62|0x0000000083e00000, 0x0000000083f00000, 0x0000000083f00000|100%| O|  |TAMS 0x0000000083f00000, 0x0000000083e00000| Untracked 
|  63|0x0000000083f00000, 0x0000000084000000, 0x0000000084000000|100%| O|  |TAMS 0x0000000084000000, 0x0000000083f00000| Untracked 
|  64|0x0000000084000000, 0x0000000084100000, 0x0000000084100000|100%| O|  |TAMS 0x0000000084100000, 0x0000000084000000| Untracked 
|  65|0x0000000084100000, 0x0000000084200000, 0x0000000084200000|100%| O|  |TAMS 0x0000000084200000, 0x0000000084100000| Untracked 
|  66|0x0000000084200000, 0x0000000084300000, 0x0000000084300000|100%| O|  |TAMS 0x0000000084300000, 0x0000000084200000| Untracked 
|  67|0x0000000084300000, 0x0000000084400000, 0x0000000084400000|100%| O|  |TAMS 0x0000000084400000, 0x0000000084300000| Untracked 
|  68|0x0000000084400000, 0x0000000084500000, 0x0000000084500000|100%| O|  |TAMS 0x0000000084500000, 0x0000000084400000| Untracked 
|  69|0x0000000084500000, 0x0000000084600000, 0x0000000084600000|100%| O|  |TAMS 0x0000000084600000, 0x0000000084500000| Untracked 
|  70|0x0000000084600000, 0x0000000084700000, 0x0000000084700000|100%| O|  |TAMS 0x0000000084700000, 0x0000000084600000| Untracked 
|  71|0x0000000084700000, 0x0000000084800000, 0x0000000084800000|100%| O|  |TAMS 0x0000000084766c00, 0x0000000084700000| Untracked 
|  72|0x0000000084800000, 0x0000000084900000, 0x0000000084900000|100%|HS|  |TAMS 0x0000000084900000, 0x0000000084800000| Complete 
|  73|0x0000000084900000, 0x0000000084a00000, 0x0000000084a00000|100%|HC|  |TAMS 0x0000000084a00000, 0x0000000084900000| Complete 
|  74|0x0000000084a00000, 0x0000000084b00000, 0x0000000084b00000|100%| O|  |TAMS 0x0000000084a00000, 0x0000000084a00000| Untracked 
|  75|0x0000000084b00000, 0x0000000084c00000, 0x0000000084c00000|100%| O|  |TAMS 0x0000000084b00000, 0x0000000084b00000| Untracked 
|  76|0x0000000084c00000, 0x0000000084c49000, 0x0000000084d00000| 28%| O|  |TAMS 0x0000000084c00000, 0x0000000084c00000| Untracked 
|  77|0x0000000084d00000, 0x0000000084d00000, 0x0000000084e00000|  0%| F|  |TAMS 0x0000000084d00000, 0x0000000084d00000| Untracked 
|  78|0x0000000084e00000, 0x0000000084e00000, 0x0000000084f00000|  0%| F|  |TAMS 0x0000000084e00000, 0x0000000084e00000| Untracked 
|  79|0x0000000084f00000, 0x0000000084f00000, 0x0000000085000000|  0%| F|  |TAMS 0x0000000084f00000, 0x0000000084f00000| Untracked 
|  80|0x0000000085000000, 0x0000000085000000, 0x0000000085100000|  0%| F|  |TAMS 0x0000000085000000, 0x0000000085000000| Untracked 
|  81|0x0000000085100000, 0x0000000085100000, 0x0000000085200000|  0%| F|  |TAMS 0x0000000085100000, 0x0000000085100000| Untracked 
|  82|0x0000000085200000, 0x0000000085200000, 0x0000000085300000|  0%| F|  |TAMS 0x0000000085200000, 0x0000000085200000| Untracked 
|  83|0x0000000085300000, 0x0000000085300000, 0x0000000085400000|  0%| F|  |TAMS 0x0000000085300000, 0x0000000085300000| Untracked 
|  84|0x0000000085400000, 0x0000000085400000, 0x0000000085500000|  0%| F|  |TAMS 0x0000000085400000, 0x0000000085400000| Untracked 
|  85|0x0000000085500000, 0x0000000085500000, 0x0000000085600000|  0%| F|  |TAMS 0x0000000085500000, 0x0000000085500000| Untracked 
|  86|0x0000000085600000, 0x0000000085600000, 0x0000000085700000|  0%| F|  |TAMS 0x0000000085600000, 0x0000000085600000| Untracked 
|  87|0x0000000085700000, 0x0000000085700000, 0x0000000085800000|  0%| F|  |TAMS 0x0000000085700000, 0x0000000085700000| Untracked 
|  88|0x0000000085800000, 0x0000000085800000, 0x0000000085900000|  0%| F|  |TAMS 0x0000000085800000, 0x0000000085800000| Untracked 
|  89|0x0000000085900000, 0x0000000085900000, 0x0000000085a00000|  0%| F|  |TAMS 0x0000000085900000, 0x0000000085900000| Untracked 
|  90|0x0000000085a00000, 0x0000000085a00000, 0x0000000085b00000|  0%| F|  |TAMS 0x0000000085a00000, 0x0000000085a00000| Untracked 
|  91|0x0000000085b00000, 0x0000000085b00000, 0x0000000085c00000|  0%| F|  |TAMS 0x0000000085b00000, 0x0000000085b00000| Untracked 
|  92|0x0000000085c00000, 0x0000000085c00000, 0x0000000085d00000|  0%| F|  |TAMS 0x0000000085c00000, 0x0000000085c00000| Untracked 
|  93|0x0000000085d00000, 0x0000000085d00000, 0x0000000085e00000|  0%| F|  |TAMS 0x0000000085d00000, 0x0000000085d00000| Untracked 
|  94|0x0000000085e00000, 0x0000000085e00000, 0x0000000085f00000|  0%| F|  |TAMS 0x0000000085e00000, 0x0000000085e00000| Untracked 
|  95|0x0000000085f00000, 0x0000000085f00000, 0x0000000086000000|  0%| F|  |TAMS 0x0000000085f00000, 0x0000000085f00000| Untracked 
|  96|0x0000000086000000, 0x0000000086000000, 0x0000000086100000|  0%| F|  |TAMS 0x0000000086000000, 0x0000000086000000| Untracked 
|  97|0x0000000086100000, 0x0000000086100000, 0x0000000086200000|  0%| F|  |TAMS 0x0000000086100000, 0x0000000086100000| Untracked 
|  98|0x0000000086200000, 0x0000000086200000, 0x0000000086300000|  0%| F|  |TAMS 0x0000000086200000, 0x0000000086200000| Untracked 
|  99|0x0000000086300000, 0x0000000086300000, 0x0000000086400000|  0%| F|  |TAMS 0x0000000086300000, 0x0000000086300000| Untracked 
| 100|0x0000000086400000, 0x0000000086400000, 0x0000000086500000|  0%| F|  |TAMS 0x0000000086400000, 0x0000000086400000| Untracked 
| 101|0x0000000086500000, 0x0000000086500000, 0x0000000086600000|  0%| F|  |TAMS 0x0000000086500000, 0x0000000086500000| Untracked 
| 102|0x0000000086600000, 0x0000000086600000, 0x0000000086700000|  0%| F|  |TAMS 0x0000000086600000, 0x0000000086600000| Untracked 
| 103|0x0000000086700000, 0x0000000086700000, 0x0000000086800000|  0%| F|  |TAMS 0x0000000086700000, 0x0000000086700000| Untracked 
| 104|0x0000000086800000, 0x0000000086800000, 0x0000000086900000|  0%| F|  |TAMS 0x0000000086800000, 0x0000000086800000| Untracked 
| 105|0x0000000086900000, 0x0000000086900000, 0x0000000086a00000|  0%| F|  |TAMS 0x0000000086900000, 0x0000000086900000| Untracked 
| 106|0x0000000086a00000, 0x0000000086a00000, 0x0000000086b00000|  0%| F|  |TAMS 0x0000000086a00000, 0x0000000086a00000| Untracked 
| 107|0x0000000086b00000, 0x0000000086b00000, 0x0000000086c00000|  0%| F|  |TAMS 0x0000000086b00000, 0x0000000086b00000| Untracked 
| 108|0x0000000086c00000, 0x0000000086c00000, 0x0000000086d00000|  0%| F|  |TAMS 0x0000000086c00000, 0x0000000086c00000| Untracked 
| 109|0x0000000086d00000, 0x0000000086d00000, 0x0000000086e00000|  0%| F|  |TAMS 0x0000000086d00000, 0x0000000086d00000| Untracked 
| 110|0x0000000086e00000, 0x0000000086e00000, 0x0000000086f00000|  0%| F|  |TAMS 0x0000000086e00000, 0x0000000086e00000| Untracked 
| 111|0x0000000086f00000, 0x0000000086f00000, 0x0000000087000000|  0%| F|  |TAMS 0x0000000086f00000, 0x0000000086f00000| Untracked 
| 112|0x0000000087000000, 0x0000000087000000, 0x0000000087100000|  0%| F|  |TAMS 0x0000000087000000, 0x0000000087000000| Untracked 
| 113|0x0000000087100000, 0x0000000087100000, 0x0000000087200000|  0%| F|  |TAMS 0x0000000087100000, 0x0000000087100000| Untracked 
| 114|0x0000000087200000, 0x0000000087200000, 0x0000000087300000|  0%| F|  |TAMS 0x0000000087200000, 0x0000000087200000| Untracked 
| 115|0x0000000087300000, 0x0000000087300000, 0x0000000087400000|  0%| F|  |TAMS 0x0000000087300000, 0x0000000087300000| Untracked 
| 116|0x0000000087400000, 0x0000000087400000, 0x0000000087500000|  0%| F|  |TAMS 0x0000000087400000, 0x0000000087400000| Untracked 
| 117|0x0000000087500000, 0x0000000087500000, 0x0000000087600000|  0%| F|  |TAMS 0x0000000087500000, 0x0000000087500000| Untracked 
| 118|0x0000000087600000, 0x0000000087600000, 0x0000000087700000|  0%| F|  |TAMS 0x0000000087600000, 0x0000000087600000| Untracked 
| 119|0x0000000087700000, 0x0000000087700000, 0x0000000087800000|  0%| F|  |TAMS 0x0000000087700000, 0x0000000087700000| Untracked 
| 120|0x0000000087800000, 0x0000000087800000, 0x0000000087900000|  0%| F|  |TAMS 0x0000000087800000, 0x0000000087800000| Untracked 
| 121|0x0000000087900000, 0x0000000087900000, 0x0000000087a00000|  0%| F|  |TAMS 0x0000000087900000, 0x0000000087900000| Untracked 
| 122|0x0000000087a00000, 0x0000000087a00000, 0x0000000087b00000|  0%| F|  |TAMS 0x0000000087a00000, 0x0000000087a00000| Untracked 
| 123|0x0000000087b00000, 0x0000000087b00000, 0x0000000087c00000|  0%| F|  |TAMS 0x0000000087b00000, 0x0000000087b00000| Untracked 
| 124|0x0000000087c00000, 0x0000000087c00000, 0x0000000087d00000|  0%| F|  |TAMS 0x0000000087c00000, 0x0000000087c00000| Untracked 
| 125|0x0000000087d00000, 0x0000000087d00000, 0x0000000087e00000|  0%| F|  |TAMS 0x0000000087d00000, 0x0000000087d00000| Untracked 
| 126|0x0000000087e00000, 0x0000000087e00000, 0x0000000087f00000|  0%| F|  |TAMS 0x0000000087e00000, 0x0000000087e00000| Untracked 
| 127|0x0000000087f00000, 0x0000000087f00000, 0x0000000088000000|  0%| F|  |TAMS 0x0000000087f00000, 0x0000000087f00000| Untracked 
| 128|0x0000000088000000, 0x0000000088000000, 0x0000000088100000|  0%| F|  |TAMS 0x0000000088000000, 0x0000000088000000| Untracked 
| 129|0x0000000088100000, 0x0000000088100000, 0x0000000088200000|  0%| F|  |TAMS 0x0000000088100000, 0x0000000088100000| Untracked 
| 130|0x0000000088200000, 0x0000000088200000, 0x0000000088300000|  0%| F|  |TAMS 0x0000000088200000, 0x0000000088200000| Untracked 
| 131|0x0000000088300000, 0x0000000088300000, 0x0000000088400000|  0%| F|  |TAMS 0x0000000088300000, 0x0000000088300000| Untracked 
| 132|0x0000000088400000, 0x0000000088400000, 0x0000000088500000|  0%| F|  |TAMS 0x0000000088400000, 0x0000000088400000| Untracked 
| 133|0x0000000088500000, 0x0000000088500000, 0x0000000088600000|  0%| F|  |TAMS 0x0000000088500000, 0x0000000088500000| Untracked 
| 134|0x0000000088600000, 0x0000000088600000, 0x0000000088700000|  0%| F|  |TAMS 0x0000000088600000, 0x0000000088600000| Untracked 
| 135|0x0000000088700000, 0x0000000088700000, 0x0000000088800000|  0%| F|  |TAMS 0x0000000088700000, 0x0000000088700000| Untracked 
| 136|0x0000000088800000, 0x0000000088800000, 0x0000000088900000|  0%| F|  |TAMS 0x0000000088800000, 0x0000000088800000| Untracked 
| 137|0x0000000088900000, 0x0000000088900000, 0x0000000088a00000|  0%| F|  |TAMS 0x0000000088900000, 0x0000000088900000| Untracked 
| 138|0x0000000088a00000, 0x0000000088a00000, 0x0000000088b00000|  0%| F|  |TAMS 0x0000000088a00000, 0x0000000088a00000| Untracked 
| 139|0x0000000088b00000, 0x0000000088b00000, 0x0000000088c00000|  0%| F|  |TAMS 0x0000000088b00000, 0x0000000088b00000| Untracked 
| 140|0x0000000088c00000, 0x0000000088c00000, 0x0000000088d00000|  0%| F|  |TAMS 0x0000000088c00000, 0x0000000088c00000| Untracked 
| 141|0x0000000088d00000, 0x0000000088d00000, 0x0000000088e00000|  0%| F|  |TAMS 0x0000000088d00000, 0x0000000088d00000| Untracked 
| 142|0x0000000088e00000, 0x0000000088e00000, 0x0000000088f00000|  0%| F|  |TAMS 0x0000000088e00000, 0x0000000088e00000| Untracked 
| 143|0x0000000088f00000, 0x0000000088f00000, 0x0000000089000000|  0%| F|  |TAMS 0x0000000088f00000, 0x0000000088f00000| Untracked 
| 144|0x0000000089000000, 0x0000000089000000, 0x0000000089100000|  0%| F|  |TAMS 0x0000000089000000, 0x0000000089000000| Untracked 
| 145|0x0000000089100000, 0x0000000089100000, 0x0000000089200000|  0%| F|  |TAMS 0x0000000089100000, 0x0000000089100000| Untracked 
| 146|0x0000000089200000, 0x0000000089200000, 0x0000000089300000|  0%| F|  |TAMS 0x0000000089200000, 0x0000000089200000| Untracked 
| 147|0x0000000089300000, 0x0000000089300000, 0x0000000089400000|  0%| F|  |TAMS 0x0000000089300000, 0x0000000089300000| Untracked 
| 148|0x0000000089400000, 0x0000000089400000, 0x0000000089500000|  0%| F|  |TAMS 0x0000000089400000, 0x0000000089400000| Untracked 
| 149|0x0000000089500000, 0x0000000089500000, 0x0000000089600000|  0%| F|  |TAMS 0x0000000089500000, 0x0000000089500000| Untracked 
| 150|0x0000000089600000, 0x0000000089600000, 0x0000000089700000|  0%| F|  |TAMS 0x0000000089600000, 0x0000000089600000| Untracked 
| 151|0x0000000089700000, 0x0000000089700000, 0x0000000089800000|  0%| F|  |TAMS 0x0000000089700000, 0x0000000089700000| Untracked 
| 152|0x0000000089800000, 0x0000000089800000, 0x0000000089900000|  0%| F|  |TAMS 0x0000000089800000, 0x0000000089800000| Untracked 
| 153|0x0000000089900000, 0x0000000089900000, 0x0000000089a00000|  0%| F|  |TAMS 0x0000000089900000, 0x0000000089900000| Untracked 
| 154|0x0000000089a00000, 0x0000000089a00000, 0x0000000089b00000|  0%| F|  |TAMS 0x0000000089a00000, 0x0000000089a00000| Untracked 
| 155|0x0000000089b00000, 0x0000000089b00000, 0x0000000089c00000|  0%| F|  |TAMS 0x0000000089b00000, 0x0000000089b00000| Untracked 
| 156|0x0000000089c00000, 0x0000000089c00000, 0x0000000089d00000|  0%| F|  |TAMS 0x0000000089c00000, 0x0000000089c00000| Untracked 
| 157|0x0000000089d00000, 0x0000000089d00000, 0x0000000089e00000|  0%| F|  |TAMS 0x0000000089d00000, 0x0000000089d00000| Untracked 
| 158|0x0000000089e00000, 0x0000000089e00000, 0x0000000089f00000|  0%| F|  |TAMS 0x0000000089e00000, 0x0000000089e00000| Untracked 
| 159|0x0000000089f00000, 0x0000000089f00000, 0x000000008a000000|  0%| F|  |TAMS 0x0000000089f00000, 0x0000000089f00000| Untracked 
| 160|0x000000008a000000, 0x000000008a000000, 0x000000008a100000|  0%| F|  |TAMS 0x000000008a000000, 0x000000008a000000| Untracked 
| 161|0x000000008a100000, 0x000000008a100000, 0x000000008a200000|  0%| F|  |TAMS 0x000000008a100000, 0x000000008a100000| Untracked 
| 162|0x000000008a200000, 0x000000008a200000, 0x000000008a300000|  0%| F|  |TAMS 0x000000008a200000, 0x000000008a200000| Untracked 
| 163|0x000000008a300000, 0x000000008a300000, 0x000000008a400000|  0%| F|  |TAMS 0x000000008a300000, 0x000000008a300000| Untracked 
| 164|0x000000008a400000, 0x000000008a400000, 0x000000008a500000|  0%| F|  |TAMS 0x000000008a400000, 0x000000008a400000| Untracked 
| 165|0x000000008a500000, 0x000000008a500000, 0x000000008a600000|  0%| F|  |TAMS 0x000000008a500000, 0x000000008a500000| Untracked 
| 166|0x000000008a600000, 0x000000008a600000, 0x000000008a700000|  0%| F|  |TAMS 0x000000008a600000, 0x000000008a600000| Untracked 
| 167|0x000000008a700000, 0x000000008a700000, 0x000000008a800000|  0%| F|  |TAMS 0x000000008a700000, 0x000000008a700000| Untracked 
| 168|0x000000008a800000, 0x000000008a800000, 0x000000008a900000|  0%| F|  |TAMS 0x000000008a800000, 0x000000008a800000| Untracked 
| 169|0x000000008a900000, 0x000000008a900000, 0x000000008aa00000|  0%| F|  |TAMS 0x000000008a900000, 0x000000008a900000| Untracked 
| 170|0x000000008aa00000, 0x000000008aa00000, 0x000000008ab00000|  0%| F|  |TAMS 0x000000008aa00000, 0x000000008aa00000| Untracked 
| 171|0x000000008ab00000, 0x000000008ab00000, 0x000000008ac00000|  0%| F|  |TAMS 0x000000008ab00000, 0x000000008ab00000| Untracked 
| 172|0x000000008ac00000, 0x000000008ac00000, 0x000000008ad00000|  0%| F|  |TAMS 0x000000008ac00000, 0x000000008ac00000| Untracked 
| 173|0x000000008ad00000, 0x000000008ad00000, 0x000000008ae00000|  0%| F|  |TAMS 0x000000008ad00000, 0x000000008ad00000| Untracked 
| 174|0x000000008ae00000, 0x000000008ae00000, 0x000000008af00000|  0%| F|  |TAMS 0x000000008ae00000, 0x000000008ae00000| Untracked 
| 175|0x000000008af00000, 0x000000008af00000, 0x000000008b000000|  0%| F|  |TAMS 0x000000008af00000, 0x000000008af00000| Untracked 
| 176|0x000000008b000000, 0x000000008b000000, 0x000000008b100000|  0%| F|  |TAMS 0x000000008b000000, 0x000000008b000000| Untracked 
| 177|0x000000008b100000, 0x000000008b100000, 0x000000008b200000|  0%| F|  |TAMS 0x000000008b100000, 0x000000008b100000| Untracked 
| 178|0x000000008b200000, 0x000000008b200000, 0x000000008b300000|  0%| F|  |TAMS 0x000000008b200000, 0x000000008b200000| Untracked 
| 179|0x000000008b300000, 0x000000008b300000, 0x000000008b400000|  0%| F|  |TAMS 0x000000008b300000, 0x000000008b300000| Untracked 
| 180|0x000000008b400000, 0x000000008b400000, 0x000000008b500000|  0%| F|  |TAMS 0x000000008b400000, 0x000000008b400000| Untracked 
| 181|0x000000008b500000, 0x000000008b500000, 0x000000008b600000|  0%| F|  |TAMS 0x000000008b500000, 0x000000008b500000| Untracked 
| 182|0x000000008b600000, 0x000000008b600000, 0x000000008b700000|  0%| F|  |TAMS 0x000000008b600000, 0x000000008b600000| Untracked 
| 183|0x000000008b700000, 0x000000008b700000, 0x000000008b800000|  0%| F|  |TAMS 0x000000008b700000, 0x000000008b700000| Untracked 
| 184|0x000000008b800000, 0x000000008b800000, 0x000000008b900000|  0%| F|  |TAMS 0x000000008b800000, 0x000000008b800000| Untracked 
| 185|0x000000008b900000, 0x000000008b9558e0, 0x000000008ba00000| 33%| S|CS|TAMS 0x000000008b900000, 0x000000008b900000| Complete 
| 186|0x000000008ba00000, 0x000000008ba00000, 0x000000008bb00000|  0%| F|  |TAMS 0x000000008ba00000, 0x000000008ba00000| Untracked 
| 187|0x000000008bb00000, 0x000000008bb00000, 0x000000008bc00000|  0%| F|  |TAMS 0x000000008bb00000, 0x000000008bb00000| Untracked 
| 188|0x000000008bc00000, 0x000000008bc00000, 0x000000008bd00000|  0%| F|  |TAMS 0x000000008bc00000, 0x000000008bc00000| Untracked 
| 189|0x000000008bd00000, 0x000000008bd00000, 0x000000008be00000|  0%| F|  |TAMS 0x000000008bd00000, 0x000000008bd00000| Untracked 
| 190|0x000000008be00000, 0x000000008be00000, 0x000000008bf00000|  0%| F|  |TAMS 0x000000008be00000, 0x000000008be00000| Untracked 
| 191|0x000000008bf00000, 0x000000008bf00000, 0x000000008c000000|  0%| F|  |TAMS 0x000000008bf00000, 0x000000008bf00000| Untracked 

Card table byte_map: [0x0000023545e20000,0x0000023546220000] _byte_map_base: 0x0000023545a20000

Marking Bits (Prev, Next): (CMBitMap*) 0x00000235317b58c0, (CMBitMap*) 0x00000235317b5900
 Prev Bits: [0x0000023546620000, 0x0000023548620000)
 Next Bits: [0x0000023548620000, 0x000002354a620000)

Polling page: 0x0000023531800000

Metaspace:

Usage:
  Non-class:     59.76 MB used.
      Class:      8.83 MB used.
       Both:     68.59 MB used.

Virtual space:
  Non-class space:       64.00 MB reserved,      60.06 MB ( 94%) committed,  1 nodes.
      Class space:      416.00 MB reserved,       9.12 MB (  2%) committed,  1 nodes.
             Both:      480.00 MB reserved,      69.19 MB ( 14%) committed. 

Chunk freelists:
   Non-Class:  3.44 MB
       Class:  6.89 MB
        Both:  10.33 MB

MaxMetaspaceSize: 512.00 MB
CompressedClassSpaceSize: 416.00 MB
Initial GC threshold: 21.00 MB
Current GC threshold: 115.25 MB
CDS: off
MetaspaceReclaimPolicy: balanced
 - commit_granule_bytes: 65536.
 - commit_granule_words: 8192.
 - virtual_space_node_default_size: 8388608.
 - enlarge_chunks_in_place: 1.
 - new_chunks_are_fully_committed: 0.
 - uncommit_free_chunks: 1.
 - use_allocation_guard: 0.
 - handle_deallocations: 1.


Internal statistics:

num_allocs_failed_limit: 3.
num_arena_births: 674.
num_arena_deaths: 0.
num_vsnodes_births: 2.
num_vsnodes_deaths: 0.
num_space_committed: 1107.
num_space_uncommitted: 0.
num_chunks_returned_to_freelist: 3.
num_chunks_taken_from_freelist: 2893.
num_chunk_merges: 3.
num_chunk_splits: 1857.
num_chunks_enlarged: 1206.
num_inconsistent_stats: 0.

CodeHeap 'non-profiled nmethods': size=120000Kb used=5352Kb max_used=5352Kb free=114647Kb
 bounds [0x000002353dec0000, 0x000002353e400000, 0x00000235453f0000]
CodeHeap 'profiled nmethods': size=120000Kb used=16907Kb max_used=17316Kb free=103092Kb
 bounds [0x00000235363f0000, 0x0000023537510000, 0x000002353d920000]
CodeHeap 'non-nmethods': size=5760Kb used=2376Kb max_used=2457Kb free=3383Kb
 bounds [0x000002353d920000, 0x000002353dbb0000, 0x000002353dec0000]
 total_blobs=9662 nmethods=8758 adapters=816
 compilation: enabled
              stopped_count=0, restarted_count=0
 full_count=0

Compilation events (20 events):
Event: 52.881 Thread 0x00000235510241b0 10389       2       org.apache.commons.compress.archivers.zip.ZipArchiveEntry::<init> (67 bytes)
Event: 52.882 Thread 0x00000235510241b0 nmethod 10389 0x0000023536fbde90 code [0x0000023536fbe060, 0x0000023536fbe4a8]
Event: 52.882 Thread 0x00000235510241b0 10392       2       org.apache.commons.compress.archivers.zip.ZipArchiveOutputStream$CurrentEntry::<init> (10 bytes)
Event: 52.882 Thread 0x00000235510241b0 nmethod 10392 0x0000023536fbdb10 code [0x0000023536fbdca0, 0x0000023536fbddf8]
Event: 52.891 Thread 0x0000023551022070 nmethod 10378 0x000002353e3f6010 code [0x000002353e3f6220, 0x000002353e3f7c68]
Event: 52.892 Thread 0x0000023551022070 10351       4       sun.security.provider.ByteArrayAccess::i2bLittle (33 bytes)
Event: 52.897 Thread 0x0000023551022070 nmethod 10351 0x000002353e3f8790 code [0x000002353e3f8900, 0x000002353e3f8b78]
Event: 52.897 Thread 0x0000023551022070 10347       4       java.util.stream.AbstractPipeline::copyIntoWithCancel (46 bytes)
Event: 52.900 Thread 0x0000023551022070 nmethod 10347 0x000002353e3f8c90 code [0x000002353e3f8e20, 0x000002353e3f8fd8]
Event: 52.900 Thread 0x0000023551022070 10349       4       org.gradle.api.internal.file.archive.impl.AbstractZipEntry::getName (8 bytes)
Event: 52.901 Thread 0x0000023551022070 nmethod 10349 0x000002353e3f9210 code [0x000002353e3f9380, 0x000002353e3f9438]
Event: 52.901 Thread 0x0000023551022070 10381       4       org.objectweb.asm.MethodVisitor::visitLabel (16 bytes)
Event: 52.902 Thread 0x0000023551022070 nmethod 10381 0x000002353e3f9510 code [0x000002353e3f9680, 0x000002353e3f9738]
Event: 52.902 Thread 0x0000023551022070 10348       4       org.gradle.api.internal.file.archive.impl.AbstractZipEntry::isDirectory (8 bytes)
Event: 52.902 Thread 0x00000235510241b0 10396       3       java.io.WinNTFileSystem::canonicalize (372 bytes)
Event: 52.904 Thread 0x0000023551022070 nmethod 10348 0x000002353e3f9810 code [0x000002353e3f99a0, 0x000002353e3f9ad8]
Event: 52.904 Thread 0x0000023551022070 10352       4       java.util.Optional::flatMap (38 bytes)
Event: 52.905 Thread 0x00000235510241b0 nmethod 10396 0x000002353654d890 code [0x000002353654dec0, 0x0000023536551298]
Event: 52.906 Thread 0x0000023551022070 nmethod 10352 0x000002353e3f9c90 code [0x000002353e3f9e20, 0x000002353e3f9f48]
Event: 52.906 Thread 0x0000023551022070 10346       4       org.gradle.api.internal.changedetection.state.FallbackHandlingResourceHasher$$Lambda$979/0x000000010090e4d8::test (12 bytes)

GC Heap History (20 events):
Event: 25.748 GC heap after
{Heap after GC invocations=29 (full 0):
 garbage-first heap   total 138240K, used 66123K [0x0000000080000000, 0x0000000100000000)
  region size 1024K, 3 young (3072K), 3 survivors (3072K)
 Metaspace       used 68492K, committed 69120K, reserved 491520K
  class space    used 8939K, committed 9216K, reserved 425984K
}
Event: 32.349 GC heap before
{Heap before GC invocations=29 (full 0):
 garbage-first heap   total 138240K, used 111179K [0x0000000080000000, 0x0000000100000000)
  region size 1024K, 47 young (48128K), 3 survivors (3072K)
 Metaspace       used 69037K, committed 69632K, reserved 491520K
  class space    used 8959K, committed 9216K, reserved 425984K
}
Event: 32.368 GC heap after
{Heap after GC invocations=30 (full 0):
 garbage-first heap   total 138240K, used 66813K [0x0000000080000000, 0x0000000100000000)
  region size 1024K, 3 young (3072K), 3 survivors (3072K)
 Metaspace       used 69037K, committed 69632K, reserved 491520K
  class space    used 8959K, committed 9216K, reserved 425984K
}
Event: 36.247 GC heap before
{Heap before GC invocations=31 (full 0):
 garbage-first heap   total 138240K, used 112893K [0x0000000080000000, 0x0000000100000000)
  region size 1024K, 48 young (49152K), 3 survivors (3072K)
 Metaspace       used 69371K, committed 69888K, reserved 491520K
  class space    used 8984K, committed 9216K, reserved 425984K
}
Event: 36.260 GC heap after
{Heap after GC invocations=32 (full 0):
 garbage-first heap   total 138240K, used 67716K [0x0000000080000000, 0x0000000100000000)
  region size 1024K, 4 young (4096K), 4 survivors (4096K)
 Metaspace       used 69371K, committed 69888K, reserved 491520K
  class space    used 8984K, committed 9216K, reserved 425984K
}
Event: 36.491 GC heap before
{Heap before GC invocations=32 (full 0):
 garbage-first heap   total 138240K, used 69764K [0x0000000080000000, 0x0000000100000000)
  region size 1024K, 6 young (6144K), 4 survivors (4096K)
 Metaspace       used 69371K, committed 69888K, reserved 491520K
  class space    used 8984K, committed 9216K, reserved 425984K
}
Event: 36.530 GC heap after
{Heap after GC invocations=33 (full 0):
 garbage-first heap   total 138240K, used 67676K [0x0000000080000000, 0x0000000100000000)
  region size 1024K, 1 young (1024K), 1 survivors (1024K)
 Metaspace       used 69371K, committed 69888K, reserved 491520K
  class space    used 8984K, committed 9216K, reserved 425984K
}
Event: 44.707 GC heap before
{Heap before GC invocations=33 (full 0):
 garbage-first heap   total 138240K, used 113756K [0x0000000080000000, 0x0000000100000000)
  region size 1024K, 47 young (48128K), 1 survivors (1024K)
 Metaspace       used 69567K, committed 70208K, reserved 491520K
  class space    used 8985K, committed 9280K, reserved 425984K
}
Event: 44.729 GC heap after
{Heap after GC invocations=34 (full 0):
 garbage-first heap   total 138240K, used 69544K [0x0000000080000000, 0x0000000100000000)
  region size 1024K, 3 young (3072K), 3 survivors (3072K)
 Metaspace       used 69567K, committed 70208K, reserved 491520K
  class space    used 8985K, committed 9280K, reserved 425984K
}
Event: 52.339 GC heap before
{Heap before GC invocations=35 (full 0):
 garbage-first heap   total 138240K, used 114600K [0x0000000080000000, 0x0000000100000000)
  region size 1024K, 47 young (48128K), 3 survivors (3072K)
 Metaspace       used 69853K, committed 70464K, reserved 491520K
  class space    used 9023K, committed 9344K, reserved 425984K
}
Event: 52.349 GC heap after
{Heap after GC invocations=36 (full 0):
 garbage-first heap   total 138240K, used 72642K [0x0000000080000000, 0x0000000100000000)
  region size 1024K, 5 young (5120K), 5 survivors (5120K)
 Metaspace       used 69853K, committed 70464K, reserved 491520K
  class space    used 9023K, committed 9344K, reserved 425984K
}
Event: 52.354 GC heap before
{Heap before GC invocations=36 (full 0):
 garbage-first heap   total 138240K, used 72642K [0x0000000080000000, 0x0000000100000000)
  region size 1024K, 6 young (6144K), 5 survivors (5120K)
 Metaspace       used 69859K, committed 70528K, reserved 491520K
  class space    used 9025K, committed 9344K, reserved 425984K
}
Event: 52.375 GC heap after
{Heap after GC invocations=37 (full 0):
 garbage-first heap   total 138240K, used 72833K [0x0000000080000000, 0x0000000100000000)
  region size 1024K, 1 young (1024K), 1 survivors (1024K)
 Metaspace       used 69859K, committed 70528K, reserved 491520K
  class space    used 9025K, committed 9344K, reserved 425984K
}
Event: 52.577 GC heap before
{Heap before GC invocations=37 (full 0):
 garbage-first heap   total 138240K, used 116865K [0x0000000080000000, 0x0000000100000000)
  region size 1024K, 43 young (44032K), 1 survivors (1024K)
 Metaspace       used 70074K, committed 70720K, reserved 491520K
  class space    used 9025K, committed 9344K, reserved 425984K
}
Event: 52.579 GC heap after
{Heap after GC invocations=38 (full 0):
 garbage-first heap   total 138240K, used 74909K [0x0000000080000000, 0x0000000100000000)
  region size 1024K, 1 young (1024K), 1 survivors (1024K)
 Metaspace       used 70074K, committed 70720K, reserved 491520K
  class space    used 9025K, committed 9344K, reserved 425984K
}
Event: 52.709 GC heap before
{Heap before GC invocations=38 (full 0):
 garbage-first heap   total 196608K, used 116893K [0x0000000080000000, 0x0000000100000000)
  region size 1024K, 42 young (43008K), 1 survivors (1024K)
 Metaspace       used 70105K, committed 70784K, reserved 491520K
  class space    used 9025K, committed 9344K, reserved 425984K
}
Event: 52.711 GC heap after
{Heap after GC invocations=39 (full 0):
 garbage-first heap   total 196608K, used 76430K [0x0000000080000000, 0x0000000100000000)
  region size 1024K, 2 young (2048K), 2 survivors (2048K)
 Metaspace       used 70105K, committed 70784K, reserved 491520K
  class space    used 9025K, committed 9344K, reserved 425984K
}
Event: 52.920 GC heap before
{Heap before GC invocations=40 (full 0):
 garbage-first heap   total 196608K, used 164494K [0x0000000080000000, 0x0000000100000000)
  region size 1024K, 88 young (90112K), 2 survivors (2048K)
 Metaspace       used 70235K, committed 70848K, reserved 491520K
  class space    used 9045K, committed 9344K, reserved 425984K
}
Event: 52.924 GC heap after
{Heap after GC invocations=41 (full 0):
 garbage-first heap   total 196608K, used 77446K [0x0000000080000000, 0x0000000100000000)
  region size 1024K, 3 young (3072K), 3 survivors (3072K)
 Metaspace       used 70235K, committed 70848K, reserved 491520K
  class space    used 9045K, committed 9344K, reserved 425984K
}
Event: 52.944 GC heap before
{Heap before GC invocations=41 (full 0):
 garbage-first heap   total 196608K, used 82566K [0x0000000080000000, 0x0000000100000000)
  region size 1024K, 9 young (9216K), 3 survivors (3072K)
 Metaspace       used 70235K, committed 70848K, reserved 491520K
  class space    used 9045K, committed 9344K, reserved 425984K
}

Dll operation events (3 events):
Event: 0.011 Loaded shared library C:\Program Files\Android\Android Studio\jbr\bin\java.dll
Event: 0.128 Loaded shared library C:\Program Files\Android\Android Studio\jbr\bin\zip.dll
Event: 0.440 Loaded shared library C:\Program Files\Android\Android Studio\jbr\bin\verify.dll

Deoptimization events (20 events):
Event: 52.491 Thread 0x0000023552913f20 Uncommon trap: trap_request=0xffffff45 fr.pc=0x000002353e1dc52c relative=0x0000000000000a6c
Event: 52.491 Thread 0x0000023552913f20 Uncommon trap: reason=unstable_if action=reinterpret pc=0x000002353e1dc52c method=org.objectweb.asm.ClassReader.readUtf(II[C)Ljava/lang/String; @ 69 c2
Event: 52.491 Thread 0x0000023552913f20 DEOPT PACKING pc=0x000002353e1dc52c sp=0x000000975d0fdd30
Event: 52.491 Thread 0x0000023552913f20 DEOPT UNPACKING pc=0x000002353d9769a3 sp=0x000000975d0fdc40 mode 2
Event: 52.491 Thread 0x0000023552913f20 Uncommon trap: trap_request=0xffffff45 fr.pc=0x000002353e1d8ea0 relative=0x0000000000000560
Event: 52.491 Thread 0x0000023552913f20 Uncommon trap: reason=unstable_if action=reinterpret pc=0x000002353e1d8ea0 method=org.objectweb.asm.ByteVector.putUTF8(Ljava/lang/String;)Lorg/objectweb/asm/ByteVector; @ 100 c2
Event: 52.491 Thread 0x0000023552913f20 DEOPT PACKING pc=0x000002353e1d8ea0 sp=0x000000975d0fda20
Event: 52.491 Thread 0x0000023552913f20 DEOPT UNPACKING pc=0x000002353d9769a3 sp=0x000000975d0fd9e0 mode 2
Event: 52.492 Thread 0x0000023552913f20 Uncommon trap: trap_request=0xffffff45 fr.pc=0x000002353e1db378 relative=0x0000000000000738
Event: 52.492 Thread 0x0000023552913f20 Uncommon trap: reason=unstable_if action=reinterpret pc=0x000002353e1db378 method=org.objectweb.asm.ClassReader.readUtf(II[C)Ljava/lang/String; @ 69 c2
Event: 52.492 Thread 0x0000023552913f20 DEOPT PACKING pc=0x000002353e1db378 sp=0x000000975d0fdcc0
Event: 52.492 Thread 0x0000023552913f20 DEOPT UNPACKING pc=0x000002353d9769a3 sp=0x000000975d0fdc60 mode 2
Event: 52.550 Thread 0x0000023552913f20 Uncommon trap: trap_request=0xffffff45 fr.pc=0x000002353e3e18cc relative=0x000000000000132c
Event: 52.550 Thread 0x0000023552913f20 Uncommon trap: reason=unstable_if action=reinterpret pc=0x000002353e3e18cc method=org.objectweb.asm.ByteVector.putUTF8(Ljava/lang/String;)Lorg/objectweb/asm/ByteVector; @ 100 c2
Event: 52.550 Thread 0x0000023552913f20 DEOPT PACKING pc=0x000002353e3e18cc sp=0x000000975d0fdab0
Event: 52.550 Thread 0x0000023552913f20 DEOPT UNPACKING pc=0x000002353d9769a3 sp=0x000000975d0fda08 mode 2
Event: 52.812 Thread 0x0000023553345270 DEOPT PACKING pc=0x000002353646ee0c sp=0x000000975d3fd320
Event: 52.812 Thread 0x0000023553345270 DEOPT UNPACKING pc=0x000002353d977143 sp=0x000000975d3fc830 mode 0
Event: 52.828 Thread 0x0000023553345270 DEOPT PACKING pc=0x000002353713f334 sp=0x000000975d3fe020
Event: 52.828 Thread 0x0000023553345270 DEOPT UNPACKING pc=0x000002353d977143 sp=0x000000975d3fd5d0 mode 0

Classes unloaded (0 events):
No events

Classes redefined (0 events):
No events

Internal exceptions (20 events):
Event: 12.828 Thread 0x0000023552914e50 Exception <a 'java/lang/NoSuchMethodError'{0x0000000085aaa258}: static Lorg/gradle/internal/build/event/types/DefaultStatusEvent;.<clinit>()V> (0x0000000085aaa258) 
thrown [s\src\hotspot\share\prims\jni.cpp, line 1108]
Event: 28.908 Thread 0x0000023552913a10 Implicit null exception at 0x000002353e262ec7 to 0x000002353e266838
Event: 33.672 Thread 0x0000023552913a10 Exception <a 'java/lang/NoSuchMethodError'{0x000000008725dea0}: 'java.lang.Object java.lang.invoke.DirectMethodHandle$Holder.invokeSpecial(java.lang.Object, java.lang.Object, java.lang.Object, java.lang.Object, java.lang.Object, long)'> (0x000000008725dea0) 
thrown [s\src\hotspot\share\interpreter\linkResolver.cpp, line 771]
Event: 33.675 Thread 0x0000023552913a10 Exception <a 'java/lang/NoSuchMethodError'{0x000000008727fd38}: 'void java.lang.invoke.DirectMethodHandle$Holder.invokeStatic(java.lang.Object, java.lang.Object, java.lang.Object, int, java.lang.Object)'> (0x000000008727fd38) 
thrown [s\src\hotspot\share\interpreter\linkResolver.cpp, line 771]
Event: 35.887 Thread 0x0000023552914e50 Implicit null exception at 0x000002353dfe3183 to 0x000002353dfe337c
Event: 52.327 Thread 0x0000023552913f20 Exception <a 'sun/nio/fs/WindowsException'{0x0000000085dfecc8}> (0x0000000085dfecc8) 
thrown [s\src\hotspot\share\prims\jni.cpp, line 517]
Event: 52.327 Thread 0x0000023553345270 Exception <a 'sun/nio/fs/WindowsException'{0x0000000086454a28}> (0x0000000086454a28) 
thrown [s\src\hotspot\share\prims\jni.cpp, line 517]
Event: 52.328 Thread 0x0000023553346bc0 Exception <a 'sun/nio/fs/WindowsException'{0x0000000085f8ba50}> (0x0000000085f8ba50) 
thrown [s\src\hotspot\share\prims\jni.cpp, line 517]
Event: 52.397 Thread 0x0000023553345270 Exception <a 'sun/nio/fs/WindowsException'{0x000000008812b920}> (0x000000008812b920) 
thrown [s\src\hotspot\share\prims\jni.cpp, line 517]
Event: 52.485 Thread 0x0000023553345270 Exception <a 'sun/nio/fs/WindowsException'{0x000000008812baf8}> (0x000000008812baf8) 
thrown [s\src\hotspot\share\prims\jni.cpp, line 517]
Event: 52.486 Thread 0x0000023553346bc0 Exception <a 'sun/nio/fs/WindowsException'{0x000000008776b830}> (0x000000008776b830) 
thrown [s\src\hotspot\share\prims\jni.cpp, line 517]
Event: 52.487 Thread 0x0000023553346bc0 Exception <a 'sun/nio/fs/WindowsException'{0x000000008776ba00}> (0x000000008776ba00) 
thrown [s\src\hotspot\share\prims\jni.cpp, line 517]
Event: 52.582 Thread 0x0000023553345270 Exception <a 'sun/nio/fs/WindowsException'{0x000000008866bc58}> (0x000000008866bc58) 
thrown [s\src\hotspot\share\prims\jni.cpp, line 517]
Event: 52.622 Thread 0x0000023553345270 Exception <a 'sun/nio/fs/WindowsException'{0x0000000088177080}> (0x0000000088177080) 
thrown [s\src\hotspot\share\prims\jni.cpp, line 517]
Event: 52.625 Thread 0x0000023552913f20 Exception <a 'sun/nio/fs/WindowsException'{0x0000000087b85138}> (0x0000000087b85138) 
thrown [s\src\hotspot\share\prims\jni.cpp, line 517]
Event: 52.626 Thread 0x0000023553345270 Exception <a 'sun/nio/fs/WindowsException'{0x0000000088177238}> (0x0000000088177238) 
thrown [s\src\hotspot\share\prims\jni.cpp, line 517]
Event: 52.626 Thread 0x0000023552913f20 Exception <a 'sun/nio/fs/WindowsException'{0x0000000087b85330}> (0x0000000087b85330) 
thrown [s\src\hotspot\share\prims\jni.cpp, line 517]
Event: 52.712 Thread 0x0000023553345270 Exception <a 'sun/nio/fs/WindowsException'{0x000000008bf82e88}> (0x000000008bf82e88) 
thrown [s\src\hotspot\share\prims\jni.cpp, line 517]
Event: 52.885 Thread 0x0000023553345270 Exception <a 'sun/nio/fs/WindowsException'{0x0000000087709850}> (0x0000000087709850) 
thrown [s\src\hotspot\share\prims\jni.cpp, line 517]
Event: 52.885 Thread 0x0000023553345270 Exception <a 'sun/nio/fs/WindowsException'{0x00000000877099f0}> (0x00000000877099f0) 
thrown [s\src\hotspot\share\prims\jni.cpp, line 517]

VM Operations (20 events):
Event: 52.282 Executing VM operation: HandshakeAllThreads done
Event: 52.338 Executing VM operation: G1CollectForAllocation
Event: 52.349 Executing VM operation: G1CollectForAllocation done
Event: 52.354 Executing VM operation: G1CollectForAllocation
Event: 52.376 Executing VM operation: G1CollectForAllocation done
Event: 52.576 Executing VM operation: G1CollectForAllocation
Event: 52.581 Executing VM operation: G1CollectForAllocation done
Event: 52.698 Executing VM operation: G1PauseRemark
Event: 52.706 Executing VM operation: G1PauseRemark done
Event: 52.709 Executing VM operation: G1CollectForAllocation
Event: 52.711 Executing VM operation: G1CollectForAllocation done
Event: 52.766 Executing VM operation: G1PauseCleanup
Event: 52.766 Executing VM operation: G1PauseCleanup done
Event: 52.785 Executing VM operation: HandshakeAllThreads
Event: 52.785 Executing VM operation: HandshakeAllThreads done
Event: 52.787 Executing VM operation: HandshakeAllThreads
Event: 52.788 Executing VM operation: HandshakeAllThreads done
Event: 52.920 Executing VM operation: G1CollectForAllocation
Event: 52.925 Executing VM operation: G1CollectForAllocation done
Event: 52.944 Executing VM operation: G1CollectForAllocation

Events (20 events):
Event: 39.478 Thread 0x00000235510247c0 flushing nmethod 0x00000235373de210
Event: 39.478 Thread 0x00000235510247c0 flushing nmethod 0x0000023537447890
Event: 39.478 Thread 0x00000235510247c0 flushing nmethod 0x000002353746e710
Event: 39.478 Thread 0x00000235510247c0 flushing nmethod 0x0000023537474e90
Event: 39.478 Thread 0x00000235510247c0 flushing nmethod 0x0000023537494c90
Event: 39.478 Thread 0x00000235510247c0 flushing nmethod 0x00000235374a0790
Event: 52.271 loading class java/util/HashMap$EntrySpliterator
Event: 52.273 loading class java/util/HashMap$EntrySpliterator done
Event: 52.275 loading class java/util/stream/SortedOps
Event: 52.277 loading class java/util/stream/SortedOps done
Event: 52.277 loading class java/util/stream/SortedOps$OfRef
Event: 52.279 loading class java/util/stream/ReferencePipeline$StatefulOp
Event: 52.280 loading class java/util/stream/ReferencePipeline$StatefulOp done
Event: 52.280 loading class java/util/stream/SortedOps$OfRef done
Event: 52.282 loading class java/util/stream/SortedOps$RefSortingSink
Event: 52.283 loading class java/util/stream/SortedOps$AbstractRefSortingSink
Event: 52.284 loading class java/util/stream/SortedOps$AbstractRefSortingSink done
Event: 52.284 loading class java/util/stream/SortedOps$RefSortingSink done
Event: 52.331 loading class java/util/zip/ZipInputStream
Event: 52.332 loading class java/util/zip/ZipInputStream done


Dynamic libraries:
0x00007ff6c41c0000 - 0x00007ff6c41ca000 	C:\Program Files\Android\Android Studio\jbr\bin\java.exe
0x00007ff8b99f0000 - 0x00007ff8b9c06000 	C:\Windows\SYSTEM32\ntdll.dll
0x00007ff8b86c0000 - 0x00007ff8b8784000 	C:\Windows\System32\KERNEL32.DLL
0x00007ff8b70b0000 - 0x00007ff8b7457000 	C:\Windows\System32\KERNELBASE.dll
0x00007ff8b3ca0000 - 0x00007ff8b3d37000 	C:\Windows\SYSTEM32\apphelp.dll
0x00007ff8b6db0000 - 0x00007ff8b6ec1000 	C:\Windows\System32\ucrtbase.dll
0x00007ff89fd50000 - 0x00007ff89fd6b000 	C:\Program Files\Android\Android Studio\jbr\bin\VCRUNTIME140.dll
0x00007ff89aaa0000 - 0x00007ff89aab7000 	C:\Program Files\Android\Android Studio\jbr\bin\jli.dll
0x00007ff8b8430000 - 0x00007ff8b85de000 	C:\Windows\System32\USER32.dll
0x00007ff8b6d10000 - 0x00007ff8b6d36000 	C:\Windows\System32\win32u.dll
0x00007ff8b82a0000 - 0x00007ff8b82c9000 	C:\Windows\System32\GDI32.dll
0x00007ff8b6f90000 - 0x00007ff8b70a9000 	C:\Windows\System32\gdi32full.dll
0x00007ff8b7680000 - 0x00007ff8b771a000 	C:\Windows\System32\msvcp_win.dll
0x00007ff89ed90000 - 0x00007ff89f023000 	C:\Windows\WinSxS\amd64_microsoft.windows.common-controls_6595b64144ccf1df_6.0.22621.3235_none_270f74e173860f98\COMCTL32.dll
0x00007ff8b8890000 - 0x00007ff8b8937000 	C:\Windows\System32\msvcrt.dll
0x00007ff8b98c0000 - 0x00007ff8b98f1000 	C:\Windows\System32\IMM32.DLL
0x00007ff8af6d0000 - 0x00007ff8af6dc000 	C:\Program Files\Android\Android Studio\jbr\bin\vcruntime140_1.dll
0x00007ff8989b0000 - 0x00007ff898a3d000 	C:\Program Files\Android\Android Studio\jbr\bin\msvcp140.dll
0x00007ff8776c0000 - 0x00007ff878343000 	C:\Program Files\Android\Android Studio\jbr\bin\server\jvm.dll
0x00007ff8b8600000 - 0x00007ff8b86b2000 	C:\Windows\System32\ADVAPI32.dll
0x00007ff8b95b0000 - 0x00007ff8b9658000 	C:\Windows\System32\sechost.dll
0x00007ff8b75d0000 - 0x00007ff8b75f8000 	C:\Windows\System32\bcrypt.dll
0x00007ff8b8db0000 - 0x00007ff8b8ec5000 	C:\Windows\System32\RPCRT4.dll
0x00007ff8af970000 - 0x00007ff8af979000 	C:\Windows\SYSTEM32\WSOCK32.dll
0x00007ff8b0420000 - 0x00007ff8b042a000 	C:\Windows\SYSTEM32\VERSION.dll
0x00007ff8b8210000 - 0x00007ff8b8281000 	C:\Windows\System32\WS2_32.dll
0x00007ff8aea70000 - 0x00007ff8aeaa4000 	C:\Windows\SYSTEM32\WINMM.dll
0x00007ff8b6be0000 - 0x00007ff8b6c2d000 	C:\Windows\SYSTEM32\POWRPROF.dll
0x00007ff8b6bc0000 - 0x00007ff8b6bd3000 	C:\Windows\SYSTEM32\UMPDC.dll
0x00007ff8b5d10000 - 0x00007ff8b5d28000 	C:\Windows\SYSTEM32\kernel.appcore.dll
0x00007ff8a9370000 - 0x00007ff8a937a000 	C:\Program Files\Android\Android Studio\jbr\bin\jimage.dll
0x00007ff8b47b0000 - 0x00007ff8b49e3000 	C:\Windows\SYSTEM32\DBGHELP.DLL
0x00007ff8b8a20000 - 0x00007ff8b8da8000 	C:\Windows\System32\combase.dll
0x00007ff8b8940000 - 0x00007ff8b8a17000 	C:\Windows\System32\OLEAUT32.dll
0x00007ff8938c0000 - 0x00007ff8938f2000 	C:\Windows\SYSTEM32\dbgcore.DLL
0x00007ff8b7600000 - 0x00007ff8b7679000 	C:\Windows\System32\bcryptPrimitives.dll
0x00007ff89d8a0000 - 0x00007ff89d8ae000 	C:\Program Files\Android\Android Studio\jbr\bin\instrument.dll
0x00007ff89d260000 - 0x00007ff89d285000 	C:\Program Files\Android\Android Studio\jbr\bin\java.dll
0x00007ff89afb0000 - 0x00007ff89afc8000 	C:\Program Files\Android\Android Studio\jbr\bin\zip.dll
0x00007ff8b77d0000 - 0x00007ff8b802c000 	C:\Windows\System32\SHELL32.dll
0x00007ff8b4c20000 - 0x00007ff8b5519000 	C:\Windows\SYSTEM32\windows.storage.dll
0x00007ff8b4ae0000 - 0x00007ff8b4c1e000 	C:\Windows\SYSTEM32\wintypes.dll
0x00007ff8b8030000 - 0x00007ff8b8123000 	C:\Windows\System32\SHCORE.dll
0x00007ff8b9950000 - 0x00007ff8b99ae000 	C:\Windows\System32\shlwapi.dll
0x00007ff8b6c40000 - 0x00007ff8b6c61000 	C:\Windows\SYSTEM32\profapi.dll
0x00007ff89af90000 - 0x00007ff89afa9000 	C:\Program Files\Android\Android Studio\jbr\bin\net.dll
0x00007ff8afae0000 - 0x00007ff8afc16000 	C:\Windows\SYSTEM32\WINHTTP.dll
0x00007ff8b6180000 - 0x00007ff8b61e9000 	C:\Windows\system32\mswsock.dll
0x00007ff89af70000 - 0x00007ff89af86000 	C:\Program Files\Android\Android Studio\jbr\bin\nio.dll
0x00007ff89e190000 - 0x00007ff89e1a0000 	C:\Program Files\Android\Android Studio\jbr\bin\verify.dll
0x00007ff89d290000 - 0x00007ff89d2b7000 	C:\Users\likih\.gradle\native\c067742578af261105cb4f569cf0c3c89f3d7b1fecec35dd04571415982c5e48\windows-amd64\native-platform.dll
0x00007ff884220000 - 0x00007ff884364000 	C:\Users\likih\.gradle\native\38dada09dfb8b06ba9b0570ebf7e218e3eb74d4ef43ca46872605cf95ebc2f47\windows-amd64\native-platform-file-events.dll
0x00007ff89fce0000 - 0x00007ff89fce9000 	C:\Program Files\Android\Android Studio\jbr\bin\management.dll
0x00007ff89e960000 - 0x00007ff89e96b000 	C:\Program Files\Android\Android Studio\jbr\bin\management_ext.dll
0x00007ff8b8190000 - 0x00007ff8b8198000 	C:\Windows\System32\PSAPI.DLL
0x00007ff8b63c0000 - 0x00007ff8b63db000 	C:\Windows\SYSTEM32\CRYPTSP.dll
0x00007ff8b5c70000 - 0x00007ff8b5ca5000 	C:\Windows\system32\rsaenh.dll
0x00007ff8b6240000 - 0x00007ff8b6268000 	C:\Windows\SYSTEM32\USERENV.dll
0x00007ff8b63b0000 - 0x00007ff8b63bc000 	C:\Windows\SYSTEM32\CRYPTBASE.dll
0x00007ff8b5780000 - 0x00007ff8b57ad000 	C:\Windows\SYSTEM32\IPHLPAPI.DLL
0x00007ff8b95a0000 - 0x00007ff8b95a9000 	C:\Windows\System32\NSI.dll
0x00007ff8afce0000 - 0x00007ff8afcf9000 	C:\Windows\SYSTEM32\dhcpcsvc6.DLL
0x00007ff8afa90000 - 0x00007ff8afaaf000 	C:\Windows\SYSTEM32\dhcpcsvc.DLL
0x00007ff8b57f0000 - 0x00007ff8b58e9000 	C:\Windows\SYSTEM32\DNSAPI.dll
0x00007ff89fd40000 - 0x00007ff89fd48000 	C:\Windows\system32\wshunix.dll
0x00007ff89d870000 - 0x00007ff89d87a000 	C:\Windows\System32\rasadhlp.dll
0x00007ff8addf0000 - 0x00007ff8ade73000 	C:\Windows\System32\fwpuclnt.dll

dbghelp: loaded successfully - version: 4.0.5 - missing functions: none
symbol engine: initialized successfully - sym options: 0x614 - pdb path: .;C:\Program Files\Android\Android Studio\jbr\bin;C:\Windows\SYSTEM32;C:\Windows\WinSxS\amd64_microsoft.windows.common-controls_6595b64144ccf1df_6.0.22621.3235_none_270f74e173860f98;C:\Program Files\Android\Android Studio\jbr\bin\server;C:\Users\likih\.gradle\native\c067742578af261105cb4f569cf0c3c89f3d7b1fecec35dd04571415982c5e48\windows-amd64;C:\Users\likih\.gradle\native\38dada09dfb8b06ba9b0570ebf7e218e3eb74d4ef43ca46872605cf95ebc2f47\windows-amd64

VM Arguments:
jvm_args: -XX:MaxMetaspaceSize=512m --add-opens=java.base/java.util=ALL-UNNAMED --add-opens=java.base/java.lang=ALL-UNNAMED --add-opens=java.base/java.lang.invoke=ALL-UNNAMED --add-opens=java.prefs/java.util.prefs=ALL-UNNAMED --add-opens=java.base/java.nio.charset=ALL-UNNAMED --add-opens=java.base/java.net=ALL-UNNAMED --add-opens=java.base/java.util.concurrent.atomic=ALL-UNNAMED -Xmx2048m -Dfile.encoding=windows-1252 -Duser.country=IN -Duser.language=en -Duser.variant -javaagent:C:\Users\likih\.gradle\wrapper\dists\gradle-8.4-bin\1w5dpkrfk8irigvoxmyhowfim\gradle-8.4\lib\agents\gradle-instrumentation-agent-8.4.jar 
java_command: org.gradle.launcher.daemon.bootstrap.GradleDaemon 8.4
java_class_path (initial): C:\Users\likih\.gradle\wrapper\dists\gradle-8.4-bin\1w5dpkrfk8irigvoxmyhowfim\gradle-8.4\lib\gradle-launcher-8.4.jar
Launcher Type: SUN_STANDARD

[Global flags]
     intx CICompilerCount                          = 3                                         {product} {ergonomic}
   size_t CompressedClassSpaceSize                 = 436207616                                 {product} {ergonomic}
     uint ConcGCThreads                            = 1                                         {product} {ergonomic}
     uint G1ConcRefinementThreads                  = 4                                         {product} {ergonomic}
   size_t G1HeapRegionSize                         = 1048576                                   {product} {ergonomic}
    uintx GCDrainStackTargetSize                   = 64                                        {product} {ergonomic}
   size_t InitialHeapSize                          = 67108864                                  {product} {ergonomic}
   size_t MarkStackSize                            = 4194304                                   {product} {ergonomic}
   size_t MaxHeapSize                              = 2147483648                                {product} {command line}
   size_t MaxMetaspaceSize                         = 536870912                                 {product} {command line}
   size_t MaxNewSize                               = 1287651328                                {product} {ergonomic}
   size_t MinHeapDeltaBytes                        = 1048576                                   {product} {ergonomic}
   size_t MinHeapSize                              = 8388608                                   {product} {ergonomic}
    uintx NonNMethodCodeHeapSize                   = 5832780                                {pd product} {ergonomic}
    uintx NonProfiledCodeHeapSize                  = 122912730                              {pd product} {ergonomic}
    uintx ProfiledCodeHeapSize                     = 122912730                              {pd product} {ergonomic}
    uintx ReservedCodeCacheSize                    = 251658240                              {pd product} {ergonomic}
     bool SegmentedCodeCache                       = true                                      {product} {ergonomic}
   size_t SoftMaxHeapSize                          = 2147483648                             {manageable} {ergonomic}
     bool UseCompressedClassPointers               = true                           {product lp64_product} {ergonomic}
     bool UseCompressedOops                        = true                           {product lp64_product} {ergonomic}
     bool UseG1GC                                  = true                                      {product} {ergonomic}
     bool UseLargePagesIndividualAllocation        = false                                  {pd product} {ergonomic}

Logging:
Log output configuration:
 #0: stdout all=warning uptime,level,tags
 #1: stderr all=off uptime,level,tags

Environment Variables:
PATH=C:\Windows\system32;C:\Windows;C:\Windows\System32\Wbem;C:\Windows\System32\WindowsPowerShell\v1.0\;C:\Windows\System32\OpenSSH\;C:\Program Files\Git\cmd;C:\Users\likih\AppData\Local\Programs\Python\Python312\Scripts\;C:\Users\likih\AppData\Local\Programs\Python\Python312\;C:\Users\likih\AppData\Local\Programs\Python\Launcher\;C:\Users\likih\AppData\Local\Microsoft\WindowsApps;C:\Users\likih\AppData\Local\Programs\Microsoft VS Code\bin
USERNAME=likih
OS=Windows_NT
PROCESSOR_IDENTIFIER=Intel64 Family 6 Model 142 Stepping 12, GenuineIntel
TMP=C:\Users\likih\AppData\Local\Temp
TEMP=C:\Users\likih\AppData\Local\Temp



Periodic native trim disabled

JNI global refs:
JNI global refs: 27, weak refs: 4

JNI global refs memory usage: 843, weak refs: 841

OOME stack traces (most recent first):
Classloader memory used:
Loader org.gradle.internal.classloader.VisitableURLClassLoader                         : 3681K
Loader bootstrap                                                                       : 3462K
Loader org.gradle.initialization.MixInLegacyTypesClassLoader                           : 1265K
Loader jdk.internal.loader.ClassLoaders$PlatformClassLoader                            : 101K
Loader org.gradle.internal.classloader.VisitableURLClassLoader$InstrumentingVisitableURLClassLoader: 96095B
Loader org.gradle.internal.classloader.VisitableURLClassLoader                         : 75525B
Loader jdk.internal.reflect.DelegatingClassLoader                                      : 40364B
Loader jdk.internal.loader.ClassLoaders$AppClassLoader                                 : 28453B
Loader org.gradle.groovy.scripts.internal.DefaultScriptCompilationHandler$ScriptClassLoader: 24243B
Loader org.codehaus.groovy.runtime.callsite.CallSiteClassLoader                        : 9430B

Classes loaded by more than one classloader:
Class org.gradle.internal.Cast                                                        : loaded 3 times (x 69B)
Class org.gradle.api.GradleException                                                  : loaded 3 times (x 80B)
Class org.jetbrains.plugins.gradle.model.MavenRepositoryModel                         : loaded 2 times (x 68B)
Class org.gradle.internal.classpath.ClassPath                                         : loaded 2 times (x 68B)
Class org.gradle.api.internal.classpath.DefaultModuleRegistry                         : loaded 2 times (x 84B)
Class org.gradle.internal.exceptions.NonGradleCauseExceptionsHolder                   : loaded 2 times (x 68B)
Class com.intellij.openapi.externalSystem.model.ExternalSystemException               : loaded 2 times (x 84B)
Class org.gradle.api.Action                                                           : loaded 2 times (x 68B)
Class org.jetbrains.kotlin.idea.gradleTooling.model.samWithReceiver.SamWithReceiverModel: loaded 2 times (x 68B)
Class org.jetbrains.plugins.gradle.model.ExternalProject                              : loaded 2 times (x 68B)
Class org.jetbrains.plugins.gradle.model.IntelliJSettings                             : loaded 2 times (x 68B)
Class org.jetbrains.kotlin.idea.gradleTooling.KotlinMPPGradleModel                    : loaded 2 times (x 68B)
Class org.gradle.api.internal.DefaultClassPathProvider                                : loaded 2 times (x 74B)
Class org.gradle.internal.installation.GradleInstallation$1                           : loaded 2 times (x 73B)
Class org.gradle.internal.exceptions.DefaultMultiCauseException                       : loaded 2 times (x 89B)
Class org.gradle.tooling.model.UnsupportedMethodException                             : loaded 2 times (x 80B)
Class org.gradle.internal.time.MonotonicClock                                         : loaded 2 times (x 75B)
Class org.gradle.util.GradleVersion                                                   : loaded 2 times (x 81B)
Class org.gradle.tooling.model.Model                                                  : loaded 2 times (x 68B)
Class org.gradle.internal.classpath.DefaultClassPath$ImmutableUniqueList$Builder      : loaded 2 times (x 73B)
Class sync_studio_tooling1_e1gcdljni0a9aho8p3cvijb2e$_run_closure1                    : loaded 2 times (x 137B)
Class org.jetbrains.kotlin.idea.gradleTooling.KotlinSourceSetContainer                : loaded 2 times (x 68B)
Class org.gradle.internal.classloader.ClassLoaderVisitor                              : loaded 2 times (x 74B)
Class org.gradle.internal.time.DefaultCountdownTimer                                  : loaded 2 times (x 86B)
Class org.gradle.internal.service.DefaultServiceLocator                               : loaded 2 times (x 81B)
Class org.gradle.internal.service.UnknownServiceException                             : loaded 2 times (x 81B)
Class org.jetbrains.plugins.gradle.model.DependencyAccessorsModel                     : loaded 2 times (x 68B)
Class org.gradle.internal.classloader.DefaultClassLoaderFactory                       : loaded 2 times (x 80B)
Class ijInit1_enxq317xccu1m8fop6j8s0e8f                                               : loaded 2 times (x 177B)
Class org.jetbrains.plugins.gradle.model.GradleExtensions                             : loaded 2 times (x 68B)
Class org.jetbrains.plugins.gradle.model.VersionCatalogsModel                         : loaded 2 times (x 68B)
Class org.gradle.internal.classloader.VisitableURLClassLoader$Spec                    : loaded 2 times (x 72B)
Class org.gradle.tooling.model.ProjectModel                                           : loaded 2 times (x 68B)
Class org.gradle.internal.classloader.FilteringClassLoader                            : loaded 2 times (x 103B)
Class org.gradle.tooling.internal.gradle.DefaultProjectIdentifier                     : loaded 2 times (x 84B)
Class org.gradle.api.internal.classpath.ModuleRegistry                                : loaded 2 times (x 68B)
Class org.jetbrains.plugins.gradle.model.RepositoriesModel                            : loaded 2 times (x 68B)
Class org.gradle.api.internal.ClassPathProvider                                       : loaded 2 times (x 68B)
Class org.gradle.internal.classloader.ClasspathUtil$1                                 : loaded 2 times (x 74B)
Class org.gradle.internal.classloader.ClassLoaderFactory                              : loaded 2 times (x 68B)
Class org.gradle.api.internal.classpath.ManifestUtil                                  : loaded 2 times (x 69B)
Class org.gradle.api.specs.Spec                                                       : loaded 2 times (x 68B)
Class org.gradle.tooling.internal.gradle.GradleBuildIdentity                          : loaded 2 times (x 68B)
Class org.gradle.internal.IoActions                                                   : loaded 2 times (x 69B)
Class org.gradle.api.internal.classpath.EffectiveClassPath                            : loaded 2 times (x 88B)
Class org.jetbrains.kotlin.idea.gradleTooling.model.annotation.AnnotationBasedPluginModel: loaded 2 times (x 68B)
Class org.jetbrains.kotlin.idea.gradleTooling.model.assignment.AssignmentModel        : loaded 2 times (x 68B)
Class org.gradle.internal.installation.CurrentGradleInstallation                      : loaded 2 times (x 71B)
Class org.gradle.internal.agents.InstrumentingClassLoader                             : loaded 2 times (x 68B)
Class org.gradle.internal.installation.CurrentGradleInstallationLocator               : loaded 2 times (x 69B)
Class org.gradle.api.internal.classpath.Module                                        : loaded 2 times (x 68B)
Class org.gradle.internal.service.CachingServiceLocator                               : loaded 2 times (x 80B)
Class org.gradle.internal.time.Timer                                                  : loaded 2 times (x 68B)
Class org.jetbrains.plugins.gradle.model.tests.ExternalTestsModel                     : loaded 2 times (x 68B)
Class org.jetbrains.kotlin.idea.gradleTooling.KotlinDslScriptAdditionalTask           : loaded 2 times (x 68B)
Class org.gradle.internal.classpath.DefaultClassPath                                  : loaded 2 times (x 88B)
Class sync_studio_tooling1_e1gcdljni0a9aho8p3cvijb2e                                  : loaded 2 times (x 177B)
Class com.intellij.openapi.externalSystem.model.project.dependencies.ProjectDependencies: loaded 2 times (x 68B)
Class org.jetbrains.kotlin.idea.gradleTooling.PrepareKotlinIdeImportTaskModel         : loaded 2 times (x 68B)
Class org.gradle.internal.impldep.com.google.common.base.Preconditions                : loaded 2 times (x 69B)
Class org.gradle.internal.time.Time                                                   : loaded 2 times (x 69B)
Class org.gradle.internal.time.TimeSource$1                                           : loaded 2 times (x 75B)
Class org.gradle.internal.classloader.SystemClassLoaderSpec                           : loaded 2 times (x 69B)
Class kotlin.Function                                                                 : loaded 2 times (x 68B)
Class org.gradle.api.UncheckedIOException                                             : loaded 2 times (x 80B)
Class org.gradle.tooling.internal.gradle.GradleProjectIdentity                        : loaded 2 times (x 68B)
Class org.gradle.internal.time.CountdownTimer                                         : loaded 2 times (x 68B)
Class org.gradle.internal.time.Clock                                                  : loaded 2 times (x 68B)
Class org.gradle.internal.classloader.ClasspathUtil                                   : loaded 2 times (x 69B)
Class org.gradle.tooling.model.BuildIdentifier                                        : loaded 2 times (x 68B)
Class org.gradle.api.internal.DefaultClassPathRegistry                                : loaded 2 times (x 74B)
Class org.gradle.api.internal.classpath.DefaultModuleRegistry$DefaultModule           : loaded 2 times (x 84B)
Class org.gradle.internal.time.TimeSource                                             : loaded 2 times (x 68B)
Class org.jetbrains.kotlin.android.synthetic.idea.AndroidExtensionsGradleModel        : loaded 2 times (x 68B)
Class org.gradle.api.internal.classpath.UnknownModuleException                        : loaded 2 times (x 80B)
Class org.jetbrains.plugins.gradle.model.IntelliJProjectSettings                      : loaded 2 times (x 68B)
Class org.gradle.internal.service.ServiceLookupException                              : loaded 2 times (x 80B)
Class org.gradle.cache.GlobalCache                                                    : loaded 2 times (x 68B)
Class org.jetbrains.kotlin.idea.gradleTooling.model.lombok.LombokModel                : loaded 2 times (x 68B)
Class org.gradle.tooling.model.ProjectIdentifier                                      : loaded 2 times (x 68B)
Class [Lorg.gradle.api.internal.ClassPathProvider;                                    : loaded 2 times (x 67B)
Class org.gradle.internal.operations.MultipleBuildOperationFailures                   : loaded 2 times (x 89B)
Class org.gradle.util.internal.GUtil                                                  : loaded 2 times (x 69B)
Class org.jetbrains.plugins.gradle.model.AnnotationProcessingModel                    : loaded 2 times (x 68B)
Class org.gradle.internal.classloader.ClassLoaderSpec                                 : loaded 2 times (x 69B)
Class org.jetbrains.plugins.gradle.model.BuildScriptClasspathModel                    : loaded 2 times (x 68B)
Class org.gradle.internal.classloader.VisitableURLClassLoader                         : loaded 2 times (x 115B)
Class org.gradle.internal.installation.GradleInstallation                             : loaded 2 times (x 73B)
Class org.gradle.api.internal.ClassPathRegistry                                       : loaded 2 times (x 68B)
Class org.gradle.internal.classloader.VisitableURLClassLoader$InstrumentingVisitableURLClassLoader: loaded 2 times (x 121B)
Class org.gradle.internal.classloader.ClassLoaderHierarchy                            : loaded 2 times (x 68B)
Class org.gradle.internal.exceptions.MultiCauseException                              : loaded 2 times (x 68B)
Class org.jetbrains.kotlin.idea.gradleTooling.model.parcelize.ParcelizeGradleModel    : loaded 2 times (x 68B)
Class org.gradle.internal.InternalTransformer                                         : loaded 2 times (x 68B)
Class org.jetbrains.kotlin.idea.gradleTooling.model.noarg.NoArgModel                  : loaded 2 times (x 68B)
Class org.jetbrains.kotlin.idea.gradleTooling.KotlinGradleModel                       : loaded 2 times (x 68B)
Class org.gradle.tooling.internal.gradle.DefaultBuildIdentifier                       : loaded 2 times (x 77B)
Class org.gradle.internal.service.ServiceLocator                                      : loaded 2 times (x 68B)
Class org.jetbrains.kotlin.idea.gradleTooling.model.allopen.AllOpenModel              : loaded 2 times (x 68B)
Class org.gradle.internal.classpath.DefaultClassPath$ImmutableUniqueList              : loaded 2 times (x 159B)
Class org.gradle.internal.time.DefaultTimer                                           : loaded 2 times (x 78B)
Class org.gradle.internal.classpath.TransformedClassPath                              : loaded 2 times (x 94B)


---------------  S Y S T E M  ---------------

OS:
 Windows 11 , 64 bit Build 22621 (10.0.22621.3374)
OS uptime: 2 days 2:22 hours
Hyper-V role detected

CPU: total 4 (initial active 4) (2 cores per cpu, 2 threads per core) family 6 model 142 stepping 12 microcode 0xea, cx8, cmov, fxsr, ht, mmx, 3dnowpref, sse, sse2, sse3, ssse3, sse4.1, sse4.2, popcnt, lzcnt, tsc, tscinvbit, avx, avx2, aes, erms, clmul, bmi1, bmi2, adx, fma, vzeroupper, clflush, clflushopt, hv
Processor Information for all 4 processors :
  Max Mhz: 2304, Current Mhz: 2103, Mhz Limit: 2096

Memory: 4k page, system-wide physical 3983M (294M free)
TotalPageFile size 8079M (AvailPageFile size 148M)
current process WorkingSet (physical memory assigned to process): 282M, peak: 282M
current process commit charge ("private bytes"): 409M, peak: 761M

vm_info: OpenJDK 64-Bit Server VM (17.0.9+0--11185874) for windows-amd64 JRE (17.0.9+0--11185874), built on Dec  6 2023 18:57:44 by "androidbuild" with MS VC++ 16.10 / 16.11 (VS2019)

END.
